#2026 06 01 09:03:37.399#Z#INFO#c6a01c79-5d98-11f1-b148-eeee0a9387a4.OPERATION#http-nio-0.0.0.0-8080-exec-5#
[XS2StartProcessListener] Operation ID: c6a01c79-5d98-11f1-b148-eeee0a9387a4#
#2026 06 01 09:03:37.430#Z#DEBUG#c6a01c79-5d98-11f1-b148-eeee0a9387a4.OPERATION#http-nio-0.0.0.0-8080-exec-5#
[XS2StartProcessListener] Process environment: {
  "SKIP_SSL_VALIDATION" : "false",
  "FLOWABLE_JOB_EXECUTOR_MAX_THREADS" : "32",
  "VERSION" : "2.46.0",
  "BASIC_AUTH_ENABLED" : "true",
  "FLOWABLE_JOB_EXECUTOR_QUEUE_CAPACITY" : "16",
  "FLOWABLE_JOB_EXECUTOR_CORE_THREADS" : "8"
}#
#2026 06 01 09:03:37.430#Z#DEBUG#c6a01c79-5d98-11f1-b148-eeee0a9387a4.OPERATION#http-nio-0.0.0.0-8080-exec-5#
[XS2StartProcessListener] Current user: digvijaydevare@gmail.com#
#2026 06 01 09:03:37.430#Z#DEBUG#c6a01c79-5d98-11f1-b148-eeee0a9387a4.OPERATION#http-nio-0.0.0.0-8080-exec-5#
[XS2StartProcessListener] Client space: dev#
#2026 06 01 09:03:37.430#Z#DEBUG#c6a01c79-5d98-11f1-b148-eeee0a9387a4.OPERATION#http-nio-0.0.0.0-8080-exec-5#
[XS2StartProcessListener] Client organization: 203430a5trial_203430a5trial#
#2026 06 01 09:03:37.430#Z#INFO#c6a01c79-5d98-11f1-b148-eeee0a9387a4.OPERATION#http-nio-0.0.0.0-8080-exec-5#
[XS2StartProcessListener] Process variables: {
  "keepFiles" : false,
  "skipAppDigestCalculation" : false,
  "abortOnError" : false,
  "mtaId" : "employee-cap",
  "noFailOnMissingPermissions" : false,
  "isSecurityEnabled" : false,
  "apiRequestPath" : "https://deploy-service.cf.ap21.hana.ondemand.com/api/v1/spaces/ee876d8d-c67b-422e-8419-a40c66009e5c/operations",
  "deleteServiceBrokers" : false,
  "appArchiveId" : "894e4b40-c8a3-4e78-a01f-5bb3e9f6ebf5",
  "isDisposableUserProvidedServiceEnabled" : false,
  "deleteServiceKeys" : false,
  "noRestartSubscribedApps" : false,
  "noStart" : false,
  "deleteServices" : false
}#
#2026 06 01 09:03:37.488#Z#DEBUG#c6a01c79-5d98-11f1-b148-eeee0a9387a4.OPERATION#flowable-async-job-executor-thread-10341#
[ValidateDeployParametersStep] Executing task "validateParametersTask" of process "c6a01c9f-5d98-11f1-b148-eeee0a9387a4"...#
#2026 06 01 09:03:37.488#Z#DEBUG#c6a01c79-5d98-11f1-b148-eeee0a9387a4.OPERATION#flowable-async-job-executor-thread-10341#
[ValidateDeployParametersStep] Validating parameters...#
#2026 06 01 09:03:37.491#Z#INFO#c6a01c79-5d98-11f1-b148-eeee0a9387a4.OPERATION#flowable-async-job-executor-thread-10341#
[ValidateDeployParametersStep] Size of mtars is 5,252,089 and size of extension descriptors is 0#
#2026 06 01 09:03:37.556#Z#INFO#c6a01c79-5d98-11f1-b148-eeee0a9387a4.OPERATION#flowable-async-job-executor-thread-10341#
[ValidateDeployParametersStep] Archive was not split! Total size in bytes: 5,252,089#
#2026 06 01 09:03:37.556#Z#INFO#c6a01c79-5d98-11f1-b148-eeee0a9387a4.OPERATION#flowable-async-job-executor-thread-10341#
[ValidateDeployParametersStep] Deploying in org "203430a5trial_203430a5trial" and space "dev"#
#2026 06 01 09:03:37.568#Z#DEBUG#c6a01c79-5d98-11f1-b148-eeee0a9387a4.OPERATION#flowable-async-job-executor-thread-10341#
[ValidateDeployParametersStep] Parameters validated#
#2026 06 01 09:03:37.568#Z#DEBUG#c6a01c79-5d98-11f1-b148-eeee0a9387a4.OPERATION#flowable-async-job-executor-thread-10341#
Step "Validate Parameters" finished#
#2026 06 01 09:03:37.606#Z#DEBUG#c6a01c79-5d98-11f1-b148-eeee0a9387a4.OPERATION#flowable-async-job-executor-thread-10342#
[DeleteRemainingFileParts] Executing task "deleteRemainingFileParts" of process "c6a01c9f-5d98-11f1-b148-eeee0a9387a4"...#
#2026 06 01 09:03:37.606#Z#DEBUG#c6a01c79-5d98-11f1-b148-eeee0a9387a4.OPERATION#flowable-async-job-executor-thread-10342#
Step "Delete Remaining File Parts" finished#
#2026 06 01 09:03:37.638#Z#DEBUG#c6a01c79-5d98-11f1-b148-eeee0a9387a4.OPERATION#flowable-async-job-executor-thread-10343#
[XS2ProcessMtaArchiveStep] Executing task "processArchiveTask" of process "c6a01c9f-5d98-11f1-b148-eeee0a9387a4"...#
#2026 06 01 09:03:37.639#Z#DEBUG#c6a01c79-5d98-11f1-b148-eeee0a9387a4.OPERATION#flowable-async-job-executor-thread-10343#
[XS2ProcessMtaArchiveStep] Processing MTA archive...#
#2026 06 01 09:03:37.639#Z#DEBUG#c6a01c79-5d98-11f1-b148-eeee0a9387a4.OPERATION#flowable-async-job-executor-thread-10343#
[XS2ProcessMtaArchiveStep] MTA Archive ID: 894e4b40-c8a3-4e78-a01f-5bb3e9f6ebf5#
#2026 06 01 09:03:37.886#Z#DEBUG#c6a01c79-5d98-11f1-b148-eeee0a9387a4.OPERATION#flowable-async-job-executor-thread-10343#
[XS2ProcessMtaArchiveStep] MTA Descriptor length: 952#
#2026 06 01 09:03:37.886#Z#DEBUG#c6a01c79-5d98-11f1-b148-eeee0a9387a4.OPERATION#flowable-async-job-executor-thread-10343#
[XS2ProcessMtaArchiveStep] MTA Archive Modules: [employee1-cap-db-deployer, employee1-cap-srv]#
#2026 06 01 09:03:37.886#Z#DEBUG#c6a01c79-5d98-11f1-b148-eeee0a9387a4.OPERATION#flowable-async-job-executor-thread-10343#
[XS2ProcessMtaArchiveStep] MTA Archive Requires: []#
#2026 06 01 09:03:37.886#Z#DEBUG#c6a01c79-5d98-11f1-b148-eeee0a9387a4.OPERATION#flowable-async-job-executor-thread-10343#
[XS2ProcessMtaArchiveStep] MTA Archive Resources: [employee1-cap-auth]#
#2026 06 01 09:03:37.901#Z#DEBUG#c6a01c79-5d98-11f1-b148-eeee0a9387a4.OPERATION#flowable-async-job-executor-thread-10343#
[XS2ProcessMtaArchiveStep] MTA archive processed#
#2026 06 01 09:03:37.901#Z#DEBUG#c6a01c79-5d98-11f1-b148-eeee0a9387a4.OPERATION#flowable-async-job-executor-thread-10343#
Step "Process Archive" finished#
#2026 06 01 09:03:37.959#Z#DEBUG#c6a01c79-5d98-11f1-b148-eeee0a9387a4.OPERATION#flowable-async-job-executor-thread-10344#
[ProcessMtaExtensionDescriptorsStep] Executing task "processExtensionDescriptorsTask" of process "c6a01c9f-5d98-11f1-b148-eeee0a9387a4"...#
#2026 06 01 09:03:37.960#Z#DEBUG#c6a01c79-5d98-11f1-b148-eeee0a9387a4.OPERATION#flowable-async-job-executor-thread-10344#
[ProcessMtaExtensionDescriptorsStep] Processing MTA extension descriptors...#
#2026 06 01 09:03:37.961#Z#DEBUG#c6a01c79-5d98-11f1-b148-eeee0a9387a4.OPERATION#flowable-async-job-executor-thread-10344#
[ProcessMtaExtensionDescriptorsStep] Provided extension descriptors: [ ]#
#2026 06 01 09:03:37.961#Z#DEBUG#c6a01c79-5d98-11f1-b148-eeee0a9387a4.OPERATION#flowable-async-job-executor-thread-10344#
[ProcessMtaExtensionDescriptorsStep] No extension descriptors in use#
#2026 06 01 09:03:37.961#Z#DEBUG#c6a01c79-5d98-11f1-b148-eeee0a9387a4.OPERATION#flowable-async-job-executor-thread-10344#
[ProcessMtaExtensionDescriptorsStep] MTA extension descriptors processed#
#2026 06 01 09:03:37.961#Z#DEBUG#c6a01c79-5d98-11f1-b148-eeee0a9387a4.OPERATION#flowable-async-job-executor-thread-10344#
Step "Process Extension Descriptors" finished#
#2026 06 01 09:03:37.999#Z#DEBUG#c6a01c79-5d98-11f1-b148-eeee0a9387a4.OPERATION#flowable-async-job-executor-thread-10345#
[XS2DetectMtaSchemaVersionStep] Executing task "detectSchemaVersionTask" of process "c6a01c9f-5d98-11f1-b148-eeee0a9387a4"...#
#2026 06 01 09:03:38.000#Z#DEBUG#c6a01c79-5d98-11f1-b148-eeee0a9387a4.OPERATION#flowable-async-job-executor-thread-10345#
[XS2DetectMtaSchemaVersionStep] Detecting MTA major schema version...#
#2026 06 01 09:03:38.002#Z#INFO#c6a01c79-5d98-11f1-b148-eeee0a9387a4.OPERATION#flowable-async-job-executor-thread-10345#
[XS2DetectMtaSchemaVersionStep] Detected MTA schema version: "3"#
#2026 06 01 09:03:38.009#Z#DEBUG#c6a01c79-5d98-11f1-b148-eeee0a9387a4.OPERATION#flowable-async-job-executor-thread-10345#
Step "Detect Schema Version" finished#
#2026 06 01 09:03:38.042#Z#DEBUG#c6a01c79-5d98-11f1-b148-eeee0a9387a4.OPERATION#flowable-async-job-executor-thread-10346#
[MergeDescriptorsStep] Executing task "mergeDescriptorsTask" of process "c6a01c9f-5d98-11f1-b148-eeee0a9387a4"...#
#2026 06 01 09:03:38.043#Z#DEBUG#c6a01c79-5d98-11f1-b148-eeee0a9387a4.OPERATION#flowable-async-job-executor-thread-10346#
[MergeDescriptorsStep] Validating and merging descriptors...#
#2026 06 01 09:03:38.046#Z#DEBUG#c6a01c79-5d98-11f1-b148-eeee0a9387a4.OPERATION#flowable-async-job-executor-thread-10346#
[MergeDescriptorsStep] Merged deployment descriptor: {
  "majorSchemaVersion" : 3,
  "schemaVersion" : "3.3.0",
  "id" : "employee-cap",
  "version" : "1.0.0",
  "modules" : [ {
    "majorSchemaVersion" : 3,
    "name" : "employee1-cap-srv",
    "type" : "javascript.nodejs",
    "path" : "employee1-cap-srv",
    "properties" : { },
    "parameters" : { },
    "requiredDependencies" : [ {
      "majorSchemaVersion" : 3,
      "name" : "********",
      "properties" : { },
      "parameters" : { },
      "propertiesMetadata" : {
        "metadata" : { }
      },
      "parametersMetadata" : {
        "metadata" : { }
      }
    } ],
    "providedDependencies" : [ {
      "majorSchemaVersion" : 3,
      "name" : "srv-api",
      "isPublic" : false,
      "properties" : {
        "srv-url" : "${default-url}"
      },
      "parameters" : { },
      "propertiesMetadata" : {
        "metadata" : { }
      },
      "parametersMetadata" : {
        "metadata" : { }
      }
    }, {
      "majorSchemaVersion" : 3,
      "name" : "employee1-cap-srv",
      "isPublic" : false,
      "properties" : { },
      "parameters" : { },
      "propertiesMetadata" : {
        "metadata" : { }
      },
      "parametersMetadata" : {
        "metadata" : { }
      }
    } ],
    "propertiesMetadata" : {
      "metadata" : { }
    },
    "parametersMetadata" : {
      "metadata" : { }
    },
    "hooks" : [ ]
  }, {
    "majorSchemaVersion" : 3,
    "name" : "employee1-cap-db-deployer",
    "type" : "com.sap.xs.hdi",
    "path" : "employee1-cap-db-deployer",
    "properties" : {
      "EXIT" : 1
    },
    "parameters" : {
      "memory" : "256M",
      "buildpack" : "nodejs_buildpack",
      "no-route" : true,
      "dependency-type" : "hard",
      "tasks" : [ {
        "name" : "deploy",
        "memory" : "256M",
        "command" : "npm start"
      } ],
      "no-start" : true
    },
    "requiredDependencies" : [ ],
    "providedDependencies" : [ {
      "majorSchemaVersion" : 3,
      "name" : "employee1-cap-db-deployer",
      "isPublic" : false,
      "properties" : { },
      "parameters" : { },
      "propertiesMetadata" : {
        "metadata" : { }
      },
      "parametersMetadata" : {
        "metadata" : { }
      }
    } ],
    "propertiesMetadata" : {
      "metadata" : { }
    },
    "parametersMetadata" : {
      "metadata" : { }
    },
    "hooks" : [ ]
  } ],
  "resources" : [ {
    "majorSchemaVersion" : 3,
    "name" : "employee1-db",
    "type" : "com.sap.xs.hdi-container",
    "properties" : { },
    "parameters" : {
      "type" : "managed-service",
      "service" : "hana",
      "service-plan" : "hdi-shared"
    },
    "isActive" : true,
    "isOptional" : false,
    "propertiesMetadata" : {
      "metadata" : { }
    },
    "parametersMetadata" : {
      "metadata" : { }
    },
    "requiredDependencies" : [ ],
    "processedAfter" : [ ]
  }, {
    "majorSchemaVersion" : 3,
    "name" : "********",
    "type" : "org.cloudfoundry.managed-service",
    "properties" : { },
    "parameters" : {
      "path" : "./xs-security.json",
      "service-plan" : "application",
      "type" : "managed-service",
      "config" : {
        "oauth2-configuration" : "********",
        "tenant-mode" : "dedicated",
        "xsappname" : "employee1-cap-${org}-${space}"
      },
      "service" : "xsuaa"
    },
    "isActive" : true,
    "isOptional" : false,
    "propertiesMetadata" : {
      "metadata" : { }
    },
    "parametersMetadata" : {
      "metadata" : { }
    },
    "requiredDependencies" : [ ],
    "processedAfter" : [ ]
  } ],
  "parameters" : {
    "enable-parallel-deployments" : true
  },
  "parametersMetadata" : {
    "metadata" : { }
  }
}#
#2026 06 01 09:03:38.048#Z#DEBUG#c6a01c79-5d98-11f1-b148-eeee0a9387a4.OPERATION#flowable-async-job-executor-thread-10346#
[MergeDescriptorsStep] Descriptors validated and merged#
#2026 06 01 09:03:38.048#Z#DEBUG#c6a01c79-5d98-11f1-b148-eeee0a9387a4.OPERATION#flowable-async-job-executor-thread-10346#
Step "Merge Descriptors" finished#
#2026 06 01 09:03:38.090#Z#DEBUG#c6a01c79-5d98-11f1-b148-eeee0a9387a4.OPERATION#flowable-async-job-executor-thread-10347#
[DetectDeployedMtaStep] Executing task "detectDeployedMtaTask" of process "c6a01c9f-5d98-11f1-b148-eeee0a9387a4"...#
#2026 06 01 09:03:38.090#Z#DEBUG#c6a01c79-5d98-11f1-b148-eeee0a9387a4.OPERATION#flowable-async-job-executor-thread-10347#
[DetectDeployedMtaStep] Detecting deployed MTA...#
#2026 06 01 09:03:38.195#Z#DEBUG#c6a01c79-5d98-11f1-b148-eeee0a9387a4.OPERATION#flowable-async-job-executor-thread-10347#
[DetectDeployedMtaStep] Detecting MTA by id employee-cap and namespace null#
#2026 06 01 09:03:38.196#Z#DEBUG#c6a01c79-5d98-11f1-b148-eeee0a9387a4.OPERATION#flowable-async-job-executor-thread-10347#
[DetectDeployedMtaStep] Getting applications by metadata label selector "mta_id=0bdd90acd3d41cd0b3fa3e6da2133eeb,!mta_namespace"...#
#2026 06 01 09:03:38.260#Z#DEBUG#c6a01c79-5d98-11f1-b148-eeee0a9387a4.OPERATION#flowable-async-job-executor-thread-10347#
[DetectDeployedMtaStep] Getting service instances by metadata label selector "mta_id=0bdd90acd3d41cd0b3fa3e6da2133eeb,!mta_namespace"...#
#2026 06 01 09:03:38.406#Z#DEBUG#c6a01c79-5d98-11f1-b148-eeee0a9387a4.OPERATION#flowable-async-job-executor-thread-10347#
[DetectDeployedMtaStep] Deployed MTA: {
  "metadata" : {
    "id" : "employee-cap",
    "version" : "1.0.0"
  },
  "applications" : [ {
    "name" : "employee1-cap-db-deployer",
    "metadata" : {
      "guid" : "d414faab-132e-45ff-9be2-cb1c27ae45ce",
      "createdAt" : [ 2026, 6, 1, 7, 25, 3 ],
      "updatedAt" : [ 2026, 6, 1, 8, 41, 5 ]
    },
    "v3Metadata" : {
      "annotations" : {
        "mta_id" : "employee-cap",
        "mta_version" : "1.0.0",
        "mta_module" : "{\"name\":\"employee1-cap-db-deployer\"}",
        "mta_module_provided_dependencies" : "[]",
        "mta_bound_services" : "[]"
      },
      "labels" : {
        "mta_id" : "0bdd90acd3d41cd0b3fa3e6da2133eeb"
      }
    },
    "state" : "STOPPED",
    "lifecycle" : {
      "type" : "BUILDPACK",
      "data" : {
        "buildpacks" : [ "nodejs_buildpack" ],
        "stack" : "cflinuxfs4"
      }
    },
    "space" : {
      "name" : "dev",
      "metadata" : {
        "guid" : "ee876d8d-c67b-422e-8419-a40c66009e5c",
        "createdAt" : [ 2026, 5, 13, 9, 23, 18 ],
        "updatedAt" : [ 2026, 5, 13, 9, 23, 18 ]
      },
      "organization" : {
        "name" : "203430a5trial_203430a5trial",
        "metadata" : {
          "guid" : "936fac82-34d5-460c-b744-4149f2099df3",
          "createdAt" : [ 2026, 5, 13, 9, 22, 46 ],
          "updatedAt" : [ 2026, 5, 13, 9, 22, 46 ]
        }
      }
    },
    "moduleName" : "employee1-cap-db-deployer",
    "boundMtaServices" : [ ],
    "providedDependencyNames" : [ ],
    "productizationState" : "LIVE"
  }, {
    "name" : "employee1-cap-srv",
    "metadata" : {
      "guid" : "ec35120e-fb7f-4d2c-9eee-98f96c90f1f4",
      "createdAt" : [ 2026, 6, 1, 7, 25, 3 ],
      "updatedAt" : [ 2026, 6, 1, 8, 40, 24 ]
    },
    "v3Metadata" : {
      "annotations" : {
        "mta_id" : "employee-cap",
        "mta_version" : "1.0.0",
        "mta_module" : "{\"name\":\"employee1-cap-srv\"}",
        "mta_module_provided_dependencies" : "[]",
        "mta_bound_services" : "********"
      },
      "labels" : {
        "mta_id" : "0bdd90acd3d41cd0b3fa3e6da2133eeb"
      }
    },
    "state" : "STARTED",
    "lifecycle" : {
      "type" : "BUILDPACK",
      "data" : {
        "buildpacks" : [ ],
        "stack" : "cflinuxfs4"
      }
    },
    "space" : {
      "name" : "dev",
      "metadata" : {
        "guid" : "ee876d8d-c67b-422e-8419-a40c66009e5c",
        "createdAt" : [ 2026, 5, 13, 9, 23, 18 ],
        "updatedAt" : [ 2026, 5, 13, 9, 23, 18 ]
      },
      "organization" : {
        "name" : "203430a5trial_203430a5trial",
        "metadata" : {
          "guid" : "936fac82-34d5-460c-b744-4149f2099df3",
          "createdAt" : [ 2026, 5, 13, 9, 22, 46 ],
          "updatedAt" : [ 2026, 5, 13, 9, 22, 46 ]
        }
      }
    },
    "moduleName" : "employee1-cap-srv",
    "boundMtaServices" : [ "********" ],
    "providedDependencyNames" : [ ],
    "productizationState" : "LIVE"
  } ],
  "services" : [ {
    "name" : "********",
    "metadata" : {
      "guid" : "9020b8f5-8202-490e-88e5-729690626111",
      "createdAt" : [ 2026, 6, 1, 7, 23, 10 ],
      "updatedAt" : [ 2026, 6, 1, 7, 23, 10 ]
    },
    "v3Metadata" : {
      "annotations" : {
        "mta_id" : "employee-cap",
        "mta_version" : "1.0.0",
        "mta_resource" : "********"
      },
      "labels" : {
        "mta_id" : "0bdd90acd3d41cd0b3fa3e6da2133eeb"
      }
    },
    "label" : "xsuaa",
    "plan" : "application",
    "credentials" : "********",
    "tags" : [ ],
    "type" : "managed",
    "lastOperation" : {
      "type" : "UPDATE",
      "description" : "",
      "state" : "SUCCEEDED"
    },
    "resourceName" : "********"
  } ]
}#
#2026 06 01 09:03:38.407#Z#INFO#c6a01c79-5d98-11f1-b148-eeee0a9387a4.OPERATION#flowable-async-job-executor-thread-10347#
[DetectDeployedMtaStep] Detected deployed MTA with ID "employee-cap" and version "1.0.0"#
#2026 06 01 09:03:38.414#Z#DEBUG#c6a01c79-5d98-11f1-b148-eeee0a9387a4.OPERATION#flowable-async-job-executor-thread-10347#
[DetectDeployedMtaStep] Detecting backup mta by id "employee-cap" and namespace "null"#
#2026 06 01 09:03:38.415#Z#DEBUG#c6a01c79-5d98-11f1-b148-eeee0a9387a4.OPERATION#flowable-async-job-executor-thread-10347#
[DetectDeployedMtaStep] Getting applications by metadata label selector "mta_id=0bdd90acd3d41cd0b3fa3e6da2133eeb,mta_namespace=b698114a0995e936895b9598a6c19a2c"...#
#2026 06 01 09:03:38.454#Z#DEBUG#c6a01c79-5d98-11f1-b148-eeee0a9387a4.OPERATION#flowable-async-job-executor-thread-10347#
[DetectDeployedMtaStep] Getting service instances by metadata label selector "mta_id=0bdd90acd3d41cd0b3fa3e6da2133eeb,mta_namespace=b698114a0995e936895b9598a6c19a2c"...#
#2026 06 01 09:03:38.516#Z#DEBUG#c6a01c79-5d98-11f1-b148-eeee0a9387a4.OPERATION#flowable-async-job-executor-thread-10347#
[DetectDeployedMtaStep] Deployed MTA service keys: [ ]#
#2026 06 01 09:03:38.516#Z#DEBUG#c6a01c79-5d98-11f1-b148-eeee0a9387a4.OPERATION#flowable-async-job-executor-thread-10347#
Step "Detect Deployed MTA" finished#
#2026 06 01 09:03:38.555#Z#DEBUG#c6a01c79-5d98-11f1-b148-eeee0a9387a4.OPERATION#flowable-async-job-executor-thread-10348#
[XS2CollectSystemParametersStep] Executing task "collectSystemParametersTask" of process "c6a01c9f-5d98-11f1-b148-eeee0a9387a4"...#
#2026 06 01 09:03:38.556#Z#DEBUG#c6a01c79-5d98-11f1-b148-eeee0a9387a4.OPERATION#flowable-async-job-executor-thread-10348#
[XS2CollectSystemParametersStep] Collecting system parameters...#
#2026 06 01 09:03:38.557#Z#DEBUG#c6a01c79-5d98-11f1-b148-eeee0a9387a4.OPERATION#flowable-async-job-executor-thread-10348#
[XS2CollectSystemParametersStep] Getting default domain...#
#2026 06 01 09:03:38.593#Z#DEBUG#c6a01c79-5d98-11f1-b148-eeee0a9387a4.OPERATION#flowable-async-job-executor-thread-10348#
[XS2CollectSystemParametersStep] Default domain: cfapps.ap21.hana.ondemand.com#
#2026 06 01 09:03:38.594#Z#DEBUG#c6a01c79-5d98-11f1-b148-eeee0a9387a4.OPERATION#flowable-async-job-executor-thread-10348#
[XS2CollectSystemParametersStep] Checking for overwriting read-only parameters for mta with id: "employee-cap"#
#2026 06 01 09:03:38.594#Z#DEBUG#c6a01c79-5d98-11f1-b148-eeee0a9387a4.OPERATION#flowable-async-job-executor-thread-10348#
[XS2CollectSystemParametersStep] No read-only parameters are overwritten#
#2026 06 01 09:03:38.611#Z#DEBUG#c6a01c79-5d98-11f1-b148-eeee0a9387a4.OPERATION#flowable-async-job-executor-thread-10348#
[XS2CollectSystemParametersStep] Descriptor with system parameters: {
  "majorSchemaVersion" : 3,
  "schemaVersion" : "3.3.0",
  "id" : "employee-cap",
  "version" : "1.0.0",
  "modules" : [ {
    "majorSchemaVersion" : 3,
    "name" : "employee1-cap-srv",
    "type" : "javascript.nodejs",
    "path" : "employee1-cap-srv",
    "properties" : { },
    "parameters" : {
      "default-url" : "${protocol}://${default-uri}",
      "default-app-name" : "employee1-cap-srv",
      "generated-password" : "********",
      "default-live-url" : "${protocol}://${default-live-uri}",
      "default-uri" : "${host}.${domain}",
      "default-instances" : 1,
      "default-live-host" : "203430a5trial-203430a5trial-dev-employee1-cap-srv",
      "instances" : "${default-instances}",
      "default-host" : "203430a5trial-203430a5trial-dev-employee1-cap-srv",
      "app-name" : "${default-app-name}",
      "default-live-uri" : "203430a5trial-203430a5trial-dev-employee1-cap-srv.${domain}",
      "protocol" : "https",
      "default-live-app-name" : "employee1-cap-srv",
      "default-live-domain" : "cfapps.ap21.hana.ondemand.com",
      "domain" : "${default-domain}",
      "host" : "${default-host}",
      "generated-user" : "********"
    },
    "requiredDependencies" : [ {
      "majorSchemaVersion" : 3,
      "name" : "********",
      "properties" : { },
      "parameters" : { },
      "propertiesMetadata" : {
        "metadata" : { }
      },
      "parametersMetadata" : {
        "metadata" : { }
      }
    } ],
    "providedDependencies" : [ {
      "majorSchemaVersion" : 3,
      "name" : "srv-api",
      "isPublic" : false,
      "properties" : {
        "srv-url" : "${default-url}"
      },
      "parameters" : { },
      "propertiesMetadata" : {
        "metadata" : { }
      },
      "parametersMetadata" : {
        "metadata" : { }
      }
    }, {
      "majorSchemaVersion" : 3,
      "name" : "employee1-cap-srv",
      "isPublic" : false,
      "properties" : { },
      "parameters" : { },
      "propertiesMetadata" : {
        "metadata" : { }
      },
      "parametersMetadata" : {
        "metadata" : { }
      }
    } ],
    "propertiesMetadata" : {
      "metadata" : { }
    },
    "parametersMetadata" : {
      "metadata" : { }
    },
    "hooks" : [ ]
  }, {
    "majorSchemaVersion" : 3,
    "name" : "employee1-cap-db-deployer",
    "type" : "com.sap.xs.hdi",
    "path" : "employee1-cap-db-deployer",
    "properties" : {
      "EXIT" : 1
    },
    "parameters" : {
      "default-url" : "${protocol}://${default-uri}",
      "default-app-name" : "employee1-cap-db-deployer",
      "generated-password" : "********",
      "default-live-url" : "${protocol}://${default-live-uri}",
      "default-uri" : "${host}.${domain}",
      "memory" : "256M",
      "default-instances" : 1,
      "no-route" : true,
      "default-live-host" : "203430a5trial-203430a5trial-dev-employee1-cap-db-deployer",
      "instances" : "${default-instances}",
      "buildpack" : "nodejs_buildpack",
      "default-host" : "203430a5trial-203430a5trial-dev-employee1-cap-db-deployer",
      "app-name" : "${default-app-name}",
      "default-live-uri" : "203430a5trial-203430a5trial-dev-employee1-cap-db-deployer.${domain}",
      "protocol" : "https",
      "default-live-app-name" : "employee1-cap-db-deployer",
      "default-live-domain" : "cfapps.ap21.hana.ondemand.com",
      "dependency-type" : "hard",
      "domain" : "${default-domain}",
      "host" : "${default-host}",
      "generated-user" : "********",
      "tasks" : [ {
        "name" : "deploy",
        "memory" : "256M",
        "command" : "npm start"
      } ],
      "no-start" : true
    },
    "requiredDependencies" : [ ],
    "providedDependencies" : [ {
      "majorSchemaVersion" : 3,
      "name" : "employee1-cap-db-deployer",
      "isPublic" : false,
      "properties" : { },
      "parameters" : { },
      "propertiesMetadata" : {
        "metadata" : { }
      },
      "parametersMetadata" : {
        "metadata" : { }
      }
    } ],
    "propertiesMetadata" : {
      "metadata" : { }
    },
    "parametersMetadata" : {
      "metadata" : { }
    },
    "hooks" : [ ]
  } ],
  "resources" : [ {
    "majorSchemaVersion" : 3,
    "name" : "employee1-db",
    "type" : "com.sap.xs.hdi-container",
    "properties" : { },
    "parameters" : {
      "generated-password" : "********",
      "service-name" : "${default-service-name}",
      "service-plan" : "hdi-shared",
      "service" : "hana",
      "generated-user" : "********",
      "default-xsappname" : "employee1-db",
      "type" : "managed-service",
      "default-service-name" : "employee1-db",
      "default-container-name" : "203430A5TRIAL_203430A5TRIAL_DEV_EMPLOYEE1_DB"
    },
    "isActive" : true,
    "isOptional" : false,
    "propertiesMetadata" : {
      "metadata" : { }
    },
    "parametersMetadata" : {
      "metadata" : { }
    },
    "requiredDependencies" : [ ],
    "processedAfter" : [ ]
  }, {
    "majorSchemaVersion" : 3,
    "name" : "********",
    "type" : "org.cloudfoundry.managed-service",
    "properties" : { },
    "parameters" : {
      "generated-password" : "********",
      "path" : "./xs-security.json",
      "service-name" : "${default-service-name}",
      "service-plan" : "application",
      "service" : "xsuaa",
      "generated-user" : "********",
      "default-xsappname" : "********",
      "type" : "managed-service",
      "config" : {
        "oauth2-configuration" : "********",
        "tenant-mode" : "dedicated",
        "xsappname" : "employee1-cap-${org}-${space}"
      },
      "default-service-name" : "********",
      "default-container-name" : "********"
    },
    "isActive" : true,
    "isOptional" : false,
    "propertiesMetadata" : {
      "metadata" : { }
    },
    "parametersMetadata" : {
      "metadata" : { }
    },
    "requiredDependencies" : [ ],
    "processedAfter" : [ ]
  } ],
  "parameters" : {
    "mta-id" : "employee-cap",
    "authorization-url" : "********",
    "org-guid" : "936fac82-34d5-460c-b744-4149f2099df3",
    "org" : "203430a5trial_203430a5trial",
    "deploy-target" : "203430a5trial_203430a5trial dev",
    "enable-parallel-deployments" : true,
    "space" : "dev",
    "xs-api-url" : "https://api.cf.ap21.hana.ondemand.com",
    "deploy-url" : "deploy-service.cfapps.ap21.hana.ondemand.com",
    "xs-type" : "CF",
    "default-domain" : "cfapps.ap21.hana.ondemand.com",
    "mta-version" : "1.0.0",
    "xs-auth-url" : "********",
    "space-guid" : "ee876d8d-c67b-422e-8419-a40c66009e5c",
    "user" : "********",
    "controller-url" : "https://api.cf.ap21.hana.ondemand.com",
    "timestamp" : "20260601090337"
  },
  "parametersMetadata" : {
    "metadata" : { }
  }
}#
#2026 06 01 09:03:38.613#Z#DEBUG#c6a01c79-5d98-11f1-b148-eeee0a9387a4.OPERATION#flowable-async-job-executor-thread-10348#
[XS2CollectSystemParametersStep] Version rule: SAME_HIGHER#
#2026 06 01 09:03:38.613#Z#INFO#c6a01c79-5d98-11f1-b148-eeee0a9387a4.OPERATION#flowable-async-job-executor-thread-10348#
[XS2CollectSystemParametersStep] Detected new MTA version: "1.0.0"#
#2026 06 01 09:03:38.621#Z#INFO#c6a01c79-5d98-11f1-b148-eeee0a9387a4.OPERATION#flowable-async-job-executor-thread-10348#
[XS2CollectSystemParametersStep] Deployed MTA version: "1.0.0"#
#2026 06 01 09:03:38.628#Z#DEBUG#c6a01c79-5d98-11f1-b148-eeee0a9387a4.OPERATION#flowable-async-job-executor-thread-10348#
[XS2CollectSystemParametersStep] MTA accepted for deployment#
#2026 06 01 09:03:38.629#Z#DEBUG#c6a01c79-5d98-11f1-b148-eeee0a9387a4.OPERATION#flowable-async-job-executor-thread-10348#
[XS2CollectSystemParametersStep] System parameters collected#
#2026 06 01 09:03:38.629#Z#DEBUG#c6a01c79-5d98-11f1-b148-eeee0a9387a4.OPERATION#flowable-async-job-executor-thread-10348#
Step "Collect System Parameters" finished#
#2026 06 01 09:03:38.673#Z#DEBUG#c6a01c79-5d98-11f1-b148-eeee0a9387a4.OPERATION#flowable-async-job-executor-thread-10341#
[ProcessDescriptorStep] Executing task "processDescriptorTask" of process "c6a01c9f-5d98-11f1-b148-eeee0a9387a4"...#
#2026 06 01 09:03:38.674#Z#DEBUG#c6a01c79-5d98-11f1-b148-eeee0a9387a4.OPERATION#flowable-async-job-executor-thread-10341#
[ProcessDescriptorStep] Resolving properties and parameters in merged descriptor...#
#2026 06 01 09:03:38.678#Z#DEBUG#c6a01c79-5d98-11f1-b148-eeee0a9387a4.OPERATION#flowable-async-job-executor-thread-10341#
[ProcessDescriptorStep] Subscriptions: [ ]#
#2026 06 01 09:03:38.679#Z#DEBUG#c6a01c79-5d98-11f1-b148-eeee0a9387a4.OPERATION#flowable-async-job-executor-thread-10341#
[ProcessDescriptorStep] MTA modules: [employee1-cap-db-deployer, employee1-cap-srv]#
#2026 06 01 09:03:38.679#Z#DEBUG#c6a01c79-5d98-11f1-b148-eeee0a9387a4.OPERATION#flowable-async-job-executor-thread-10341#
[ProcessDescriptorStep] Resolved deployment descriptor: {
  "majorSchemaVersion" : 3,
  "schemaVersion" : "3.3.0",
  "id" : "employee-cap",
  "version" : "1.0.0",
  "modules" : [ {
    "majorSchemaVersion" : 3,
    "name" : "employee1-cap-srv",
    "type" : "javascript.nodejs",
    "path" : "employee1-cap-srv",
    "properties" : { },
    "parameters" : {
      "default-url" : "https://203430a5trial-203430a5trial-dev-employee1-cap-srv.cfapps.ap21.hana.ondemand.com",
      "default-app-name" : "employee1-cap-srv",
      "generated-password" : "********",
      "default-live-url" : "https://203430a5trial-203430a5trial-dev-employee1-cap-srv.cfapps.ap21.hana.ondemand.com",
      "default-uri" : "203430a5trial-203430a5trial-dev-employee1-cap-srv.cfapps.ap21.hana.ondemand.com",
      "default-instances" : 1,
      "default-live-host" : "203430a5trial-203430a5trial-dev-employee1-cap-srv",
      "instances" : 1,
      "default-host" : "203430a5trial-203430a5trial-dev-employee1-cap-srv",
      "app-name" : "employee1-cap-srv",
      "default-live-uri" : "203430a5trial-203430a5trial-dev-employee1-cap-srv.cfapps.ap21.hana.ondemand.com",
      "protocol" : "https",
      "default-live-app-name" : "employee1-cap-srv",
      "default-live-domain" : "cfapps.ap21.hana.ondemand.com",
      "domain" : "cfapps.ap21.hana.ondemand.com",
      "host" : "203430a5trial-203430a5trial-dev-employee1-cap-srv",
      "generated-user" : "********"
    },
    "requiredDependencies" : [ {
      "majorSchemaVersion" : 3,
      "name" : "********",
      "properties" : { },
      "parameters" : { },
      "propertiesMetadata" : {
        "metadata" : { }
      },
      "parametersMetadata" : {
        "metadata" : { }
      }
    } ],
    "providedDependencies" : [ {
      "majorSchemaVersion" : 3,
      "name" : "srv-api",
      "isPublic" : false,
      "properties" : {
        "srv-url" : "https://203430a5trial-203430a5trial-dev-employee1-cap-srv.cfapps.ap21.hana.ondemand.com"
      },
      "parameters" : { },
      "propertiesMetadata" : {
        "metadata" : { }
      },
      "parametersMetadata" : {
        "metadata" : { }
      }
    }, {
      "majorSchemaVersion" : 3,
      "name" : "employee1-cap-srv",
      "isPublic" : false,
      "properties" : { },
      "parameters" : { },
      "propertiesMetadata" : {
        "metadata" : { }
      },
      "parametersMetadata" : {
        "metadata" : { }
      }
    } ],
    "propertiesMetadata" : {
      "metadata" : { }
    },
    "parametersMetadata" : {
      "metadata" : { }
    },
    "hooks" : [ ]
  }, {
    "majorSchemaVersion" : 3,
    "name" : "employee1-cap-db-deployer",
    "type" : "com.sap.xs.hdi",
    "path" : "employee1-cap-db-deployer",
    "properties" : {
      "EXIT" : 1
    },
    "parameters" : {
      "default-url" : "https://203430a5trial-203430a5trial-dev-employee1-cap-db-deployer.cfapps.ap21.hana.ondemand.com",
      "default-app-name" : "employee1-cap-db-deployer",
      "generated-password" : "********",
      "default-live-url" : "https://203430a5trial-203430a5trial-dev-employee1-cap-db-deployer.cfapps.ap21.hana.ondemand.com",
      "default-uri" : "203430a5trial-203430a5trial-dev-employee1-cap-db-deployer.cfapps.ap21.hana.ondemand.com",
      "memory" : "256M",
      "default-instances" : 1,
      "no-route" : true,
      "default-live-host" : "203430a5trial-203430a5trial-dev-employee1-cap-db-deployer",
      "instances" : 1,
      "buildpack" : "nodejs_buildpack",
      "default-host" : "203430a5trial-203430a5trial-dev-employee1-cap-db-deployer",
      "app-name" : "employee1-cap-db-deployer",
      "default-live-uri" : "203430a5trial-203430a5trial-dev-employee1-cap-db-deployer.cfapps.ap21.hana.ondemand.com",
      "protocol" : "https",
      "default-live-app-name" : "employee1-cap-db-deployer",
      "default-live-domain" : "cfapps.ap21.hana.ondemand.com",
      "dependency-type" : "hard",
      "domain" : "cfapps.ap21.hana.ondemand.com",
      "host" : "203430a5trial-203430a5trial-dev-employee1-cap-db-deployer",
      "generated-user" : "********",
      "tasks" : [ {
        "command" : "npm start",
        "memory" : "256M",
        "name" : "deploy"
      } ],
      "no-start" : true
    },
    "requiredDependencies" : [ ],
    "providedDependencies" : [ {
      "majorSchemaVersion" : 3,
      "name" : "employee1-cap-db-deployer",
      "isPublic" : false,
      "properties" : { },
      "parameters" : { },
      "propertiesMetadata" : {
        "metadata" : { }
      },
      "parametersMetadata" : {
        "metadata" : { }
      }
    } ],
    "propertiesMetadata" : {
      "metadata" : { }
    },
    "parametersMetadata" : {
      "metadata" : { }
    },
    "hooks" : [ ]
  } ],
  "resources" : [ {
    "majorSchemaVersion" : 3,
    "name" : "employee1-db",
    "type" : "com.sap.xs.hdi-container",
    "properties" : { },
    "parameters" : {
      "generated-password" : "********",
      "service-name" : "employee1-db",
      "service-plan" : "hdi-shared",
      "service" : "hana",
      "generated-user" : "********",
      "default-xsappname" : "employee1-db",
      "type" : "managed-service",
      "default-service-name" : "employee1-db",
      "default-container-name" : "203430A5TRIAL_203430A5TRIAL_DEV_EMPLOYEE1_DB"
    },
    "isActive" : true,
    "isOptional" : false,
    "propertiesMetadata" : {
      "metadata" : { }
    },
    "parametersMetadata" : {
      "metadata" : { }
    },
    "requiredDependencies" : [ ],
    "processedAfter" : [ ]
  }, {
    "majorSchemaVersion" : 3,
    "name" : "********",
    "type" : "org.cloudfoundry.managed-service",
    "properties" : { },
    "parameters" : {
      "generated-password" : "********",
      "path" : "./xs-security.json",
      "service-name" : "********",
      "service-plan" : "application",
      "service" : "xsuaa",
      "generated-user" : "********",
      "default-xsappname" : "********",
      "type" : "managed-service",
      "config" : {
        "oauth2-configuration" : "********",
        "tenant-mode" : "dedicated",
        "xsappname" : "employee1-cap-203430a5trial_203430a5trial-dev"
      },
      "default-service-name" : "********",
      "default-container-name" : "********"
    },
    "isActive" : true,
    "isOptional" : false,
    "propertiesMetadata" : {
      "metadata" : { }
    },
    "parametersMetadata" : {
      "metadata" : { }
    },
    "requiredDependencies" : [ ],
    "processedAfter" : [ ]
  } ],
  "parameters" : {
    "mta-id" : "employee-cap",
    "authorization-url" : "********",
    "org-guid" : "936fac82-34d5-460c-b744-4149f2099df3",
    "org" : "203430a5trial_203430a5trial",
    "deploy-target" : "203430a5trial_203430a5trial dev",
    "enable-parallel-deployments" : true,
    "region-primary-domain" : "ap21.hana.ondemand.com",
    "space" : "dev",
    "region-domain" : "ap21.hana.ondemand.com",
    "xs-api-url" : "https://api.cf.ap21.hana.ondemand.com",
    "deploy-url" : "deploy-service.cfapps.ap21.hana.ondemand.com",
    "xs-type" : "CF",
    "default-domain" : "cfapps.ap21.hana.ondemand.com",
    "mta-version" : "1.0.0",
    "xs-auth-url" : "********",
    "space-guid" : "ee876d8d-c67b-422e-8419-a40c66009e5c",
    "user" : "********",
    "controller-url" : "https://api.cf.ap21.hana.ondemand.com",
    "timestamp" : "20260601090337"
  },
  "parametersMetadata" : {
    "metadata" : { }
  }
}#
#2026 06 01 09:03:38.679#Z#DEBUG#c6a01c79-5d98-11f1-b148-eeee0a9387a4.OPERATION#flowable-async-job-executor-thread-10341#
[ProcessDescriptorStep] Merged descriptor properties and parameters resolved#
#2026 06 01 09:03:38.679#Z#DEBUG#c6a01c79-5d98-11f1-b148-eeee0a9387a4.OPERATION#flowable-async-job-executor-thread-10341#
Step "Process Descriptor Step" finished#
#2026 06 01 09:03:38.723#Z#DEBUG#c6a01c79-5d98-11f1-b148-eeee0a9387a4.OPERATION#flowable-async-job-executor-thread-10342#
[XS2BuildCloudDeployModelStep] Executing task "buildDeployModelTask" of process "c6a01c9f-5d98-11f1-b148-eeee0a9387a4"...#
#2026 06 01 09:03:38.725#Z#DEBUG#c6a01c79-5d98-11f1-b148-eeee0a9387a4.OPERATION#flowable-async-job-executor-thread-10342#
[XS2BuildCloudDeployModelStep] Service keys defined for content deployment grouped by service name: { }#
#2026 06 01 09:03:38.726#Z#DEBUG#c6a01c79-5d98-11f1-b148-eeee0a9387a4.OPERATION#flowable-async-job-executor-thread-10342#
[XS2BuildCloudDeployModelStep] Building cloud deployment model...#
#2026 06 01 09:03:38.727#Z#DEBUG#c6a01c79-5d98-11f1-b148-eeee0a9387a4.OPERATION#flowable-async-job-executor-thread-10342#
[XS2BuildCloudDeployModelStep] MTA archive modules: [employee1-cap-db-deployer, employee1-cap-srv]#
#2026 06 01 09:03:38.727#Z#DEBUG#c6a01c79-5d98-11f1-b148-eeee0a9387a4.OPERATION#flowable-async-job-executor-thread-10342#
[XS2BuildCloudDeployModelStep] Deployed modules: [employee1-cap-db-deployer, employee1-cap-srv]#
#2026 06 01 09:03:38.728#Z#DEBUG#c6a01c79-5d98-11f1-b148-eeee0a9387a4.OPERATION#flowable-async-job-executor-thread-10342#
[XS2BuildCloudDeployModelStep] MTA modules: [employee1-cap-db-deployer, employee1-cap-srv]#
#2026 06 01 09:03:38.728#Z#DEBUG#c6a01c79-5d98-11f1-b148-eeee0a9387a4.OPERATION#flowable-async-job-executor-thread-10342#
[XS2BuildCloudDeployModelStep] Service keys to create: {
  "employee1-db" : [ ],
  "employee1-cap-auth" : "********"
}#
#2026 06 01 09:03:38.729#Z#DEBUG#c6a01c79-5d98-11f1-b148-eeee0a9387a4.OPERATION#flowable-async-job-executor-thread-10342#
[XS2BuildCloudDeployModelStep] Modules to deploy: [{
  "majorSchemaVersion" : 3,
  "name" : "employee1-cap-srv",
  "type" : "javascript.nodejs",
  "path" : "employee1-cap-srv",
  "properties" : { },
  "parameters" : {
    "default-url" : "https://203430a5trial-203430a5trial-dev-employee1-cap-srv.cfapps.ap21.hana.ondemand.com",
    "default-app-name" : "employee1-cap-srv",
    "generated-password" : "********",
    "default-live-url" : "https://203430a5trial-203430a5trial-dev-employee1-cap-srv.cfapps.ap21.hana.ondemand.com",
    "default-uri" : "203430a5trial-203430a5trial-dev-employee1-cap-srv.cfapps.ap21.hana.ondemand.com",
    "default-instances" : 1,
    "default-live-host" : "203430a5trial-203430a5trial-dev-employee1-cap-srv",
    "instances" : 1,
    "default-host" : "203430a5trial-203430a5trial-dev-employee1-cap-srv",
    "app-name" : "employee1-cap-srv",
    "default-live-uri" : "203430a5trial-203430a5trial-dev-employee1-cap-srv.cfapps.ap21.hana.ondemand.com",
    "protocol" : "https",
    "default-live-app-name" : "employee1-cap-srv",
    "default-live-domain" : "cfapps.ap21.hana.ondemand.com",
    "dependency-type" : "soft",
    "domain" : "cfapps.ap21.hana.ondemand.com",
    "host" : "203430a5trial-203430a5trial-dev-employee1-cap-srv",
    "generated-user" : "********"
  },
  "requiredDependencies" : [ {
    "majorSchemaVersion" : 3,
    "name" : "********",
    "properties" : { },
    "parameters" : { },
    "propertiesMetadata" : {
      "metadata" : { }
    },
    "parametersMetadata" : {
      "metadata" : { }
    }
  } ],
  "providedDependencies" : [ {
    "majorSchemaVersion" : 3,
    "name" : "srv-api",
    "isPublic" : false,
    "properties" : {
      "srv-url" : "https://203430a5trial-203430a5trial-dev-employee1-cap-srv.cfapps.ap21.hana.ondemand.com"
    },
    "parameters" : { },
    "propertiesMetadata" : {
      "metadata" : { }
    },
    "parametersMetadata" : {
      "metadata" : { }
    }
  }, {
    "majorSchemaVersion" : 3,
    "name" : "employee1-cap-srv",
    "isPublic" : false,
    "properties" : { },
    "parameters" : { },
    "propertiesMetadata" : {
      "metadata" : { }
    },
    "parametersMetadata" : {
      "metadata" : { }
    }
  } ],
  "propertiesMetadata" : {
    "metadata" : { }
  },
  "parametersMetadata" : {
    "metadata" : { }
  },
  "deployedAfter" : [ ],
  "hooks" : [ ]
}, {
  "majorSchemaVersion" : 3,
  "name" : "employee1-cap-db-deployer",
  "type" : "com.sap.xs.hdi",
  "path" : "employee1-cap-db-deployer",
  "properties" : {
    "EXIT" : 1
  },
  "parameters" : {
    "default-url" : "https://203430a5trial-203430a5trial-dev-employee1-cap-db-deployer.cfapps.ap21.hana.ondemand.com",
    "default-app-name" : "employee1-cap-db-deployer",
    "generated-password" : "********",
    "default-live-url" : "https://203430a5trial-203430a5trial-dev-employee1-cap-db-deployer.cfapps.ap21.hana.ondemand.com",
    "default-uri" : "203430a5trial-203430a5trial-dev-employee1-cap-db-deployer.cfapps.ap21.hana.ondemand.com",
    "memory" : "256M",
    "default-instances" : 1,
    "no-route" : true,
    "default-live-host" : "203430a5trial-203430a5trial-dev-employee1-cap-db-deployer",
    "instances" : 1,
    "buildpack" : "nodejs_buildpack",
    "default-host" : "203430a5trial-203430a5trial-dev-employee1-cap-db-deployer",
    "app-name" : "employee1-cap-db-deployer",
    "default-live-uri" : "203430a5trial-203430a5trial-dev-employee1-cap-db-deployer.cfapps.ap21.hana.ondemand.com",
    "protocol" : "https",
    "default-live-app-name" : "employee1-cap-db-deployer",
    "default-live-domain" : "cfapps.ap21.hana.ondemand.com",
    "dependency-type" : "hard",
    "domain" : "cfapps.ap21.hana.ondemand.com",
    "host" : "203430a5trial-203430a5trial-dev-employee1-cap-db-deployer",
    "generated-user" : "********",
    "tasks" : [ {
      "command" : "npm start",
      "memory" : "256M",
      "name" : "deploy"
    } ],
    "no-start" : true
  },
  "requiredDependencies" : [ ],
  "providedDependencies" : [ {
    "majorSchemaVersion" : 3,
    "name" : "employee1-cap-db-deployer",
    "isPublic" : false,
    "properties" : { },
    "parameters" : { },
    "propertiesMetadata" : {
      "metadata" : { }
    },
    "parametersMetadata" : {
      "metadata" : { }
    }
  } ],
  "propertiesMetadata" : {
    "metadata" : { }
  },
  "parametersMetadata" : {
    "metadata" : { }
  },
  "deployedAfter" : [ ],
  "hooks" : [ ]
}]#
#2026 06 01 09:03:38.730#Z#DEBUG#c6a01c79-5d98-11f1-b148-eeee0a9387a4.OPERATION#flowable-async-job-executor-thread-10342#
[XS2BuildCloudDeployModelStep] Custom domains: []#
#2026 06 01 09:03:38.733#Z#DEBUG#c6a01c79-5d98-11f1-b148-eeee0a9387a4.OPERATION#flowable-async-job-executor-thread-10342#
[XS2BuildCloudDeployModelStep] Calculating resource batches...#
#2026 06 01 09:03:38.734#Z#DEBUG#c6a01c79-5d98-11f1-b148-eeee0a9387a4.OPERATION#flowable-async-job-executor-thread-10342#
[XS2BuildCloudDeployModelStep] Calculating resource batches completed.#
#2026 06 01 09:03:38.734#Z#DEBUG#c6a01c79-5d98-11f1-b148-eeee0a9387a4.OPERATION#flowable-async-job-executor-thread-10342#
[XS2BuildCloudDeployModelStep] Cloud deployment model built#
#2026 06 01 09:03:38.734#Z#DEBUG#c6a01c79-5d98-11f1-b148-eeee0a9387a4.OPERATION#flowable-async-job-executor-thread-10342#
Step "Build Deploy Model" finished#
#2026 06 01 09:03:38.780#Z#DEBUG#c6a01c79-5d98-11f1-b148-eeee0a9387a4.OPERATION#flowable-async-job-executor-thread-10342#
[BuildCloudUndeployModelStep] Executing task "buildUndeployModelTask" of process "c6a01c9f-5d98-11f1-b148-eeee0a9387a4"...#
#2026 06 01 09:03:38.781#Z#DEBUG#c6a01c79-5d98-11f1-b148-eeee0a9387a4.OPERATION#flowable-async-job-executor-thread-10342#
[BuildCloudUndeployModelStep] Building cloud undeployment model...#
#2026 06 01 09:03:38.782#Z#DEBUG#c6a01c79-5d98-11f1-b148-eeee0a9387a4.OPERATION#flowable-async-job-executor-thread-10342#
[BuildCloudUndeployModelStep] Detecting service keys to delete.#
#2026 06 01 09:03:38.783#Z#DEBUG#c6a01c79-5d98-11f1-b148-eeee0a9387a4.OPERATION#flowable-async-job-executor-thread-10342#
[BuildCloudUndeployModelStep] No deployed service keys detected!#
#2026 06 01 09:03:38.783#Z#DEBUG#c6a01c79-5d98-11f1-b148-eeee0a9387a4.OPERATION#flowable-async-job-executor-thread-10342#
[BuildCloudUndeployModelStep] Detected service keys to delete "[]"#
#2026 06 01 09:03:38.787#Z#DEBUG#c6a01c79-5d98-11f1-b148-eeee0a9387a4.OPERATION#flowable-async-job-executor-thread-10342#
[BuildCloudUndeployModelStep] MTA modules: [employee1-cap-db-deployer, employee1-cap-srv]#
#2026 06 01 09:03:38.787#Z#DEBUG#c6a01c79-5d98-11f1-b148-eeee0a9387a4.OPERATION#flowable-async-job-executor-thread-10342#
[BuildCloudUndeployModelStep] Modules to undeploy: [ ]#
#2026 06 01 09:03:38.787#Z#DEBUG#c6a01c79-5d98-11f1-b148-eeee0a9387a4.OPERATION#flowable-async-job-executor-thread-10342#
[BuildCloudUndeployModelStep] Modules that won't be changed: [ ]#
#2026 06 01 09:03:38.788#Z#DEBUG#c6a01c79-5d98-11f1-b148-eeee0a9387a4.OPERATION#flowable-async-job-executor-thread-10342#
[BuildCloudUndeployModelStep] Subscriptions to delete: [ ]#
#2026 06 01 09:03:38.790#Z#DEBUG#c6a01c79-5d98-11f1-b148-eeee0a9387a4.OPERATION#flowable-async-job-executor-thread-10342#
[BuildCloudUndeployModelStep] Cloud services to delete: []#
#2026 06 01 09:03:38.790#Z#DEBUG#c6a01c79-5d98-11f1-b148-eeee0a9387a4.OPERATION#flowable-async-job-executor-thread-10342#
[BuildCloudUndeployModelStep] Cloud applications to undeploy: [ ]#
#2026 06 01 09:03:38.793#Z#DEBUG#c6a01c79-5d98-11f1-b148-eeee0a9387a4.OPERATION#flowable-async-job-executor-thread-10342#
[BuildCloudUndeployModelStep] Cloud undeployment model built#
#2026 06 01 09:03:38.793#Z#DEBUG#c6a01c79-5d98-11f1-b148-eeee0a9387a4.OPERATION#flowable-async-job-executor-thread-10342#
Step "Build Undeploy Model" finished#
#2026 06 01 09:03:38.832#Z#DEBUG#c6a01c79-5d98-11f1-b148-eeee0a9387a4.OPERATION#flowable-async-job-executor-thread-10344#
[AddDomainsStep] Executing task "addDomainsTask" of process "c6a01c9f-5d98-11f1-b148-eeee0a9387a4"...#
#2026 06 01 09:03:38.834#Z#DEBUG#c6a01c79-5d98-11f1-b148-eeee0a9387a4.OPERATION#flowable-async-job-executor-thread-10344#
[AddDomainsStep] Custom domains: []#
#2026 06 01 09:03:38.834#Z#DEBUG#c6a01c79-5d98-11f1-b148-eeee0a9387a4.OPERATION#flowable-async-job-executor-thread-10344#
Step "Add Domains" finished#
#2026 06 01 09:03:38.979#Z#DEBUG#c6a01c79-5d98-11f1-b148-eeee0a9387a4.OPERATION#flowable-async-job-executor-thread-10346#
[ExtractBatchedServicesWithResolvedDynamicParametersStep] Executing task "prepareModulesDeploymentTask" of process "c78610db-5d98-11f1-b148-eeee0a9387a4"...#
#2026 06 01 09:03:38.979#Z#DEBUG#c6a01c79-5d98-11f1-b148-eeee0a9387a4.OPERATION#flowable-async-job-executor-thread-10346#
[ExtractBatchedServicesWithResolvedDynamicParametersStep] Extracting services and resolving dynamic parameters from batch#
#2026 06 01 09:03:38.981#Z#DEBUG#c6a01c79-5d98-11f1-b148-eeee0a9387a4.OPERATION#flowable-async-job-executor-thread-10346#
[ExtractBatchedServicesWithResolvedDynamicParametersStep] Services to create: [ {
  "isOptional" : false,
  "isManaged" : true,
  "name" : "employee1-db",
  "v3Metadata" : {
    "annotations" : {
      "mta_id" : "employee-cap",
      "mta_version" : "1.0.0",
      "mta_resource" : "{\"name\":\"employee1-db\"}"
    },
    "labels" : {
      "mta_id" : "0bdd90acd3d41cd0b3fa3e6da2133eeb"
    }
  },
  "label" : "hana",
  "plan" : "hdi-shared",
  "credentials" : "********",
  "tags" : [ ],
  "type" : "managed",
  "resourceName" : "employee1-db",
  "shouldSkipParametersUpdate" : false,
  "shouldSkipPlanUpdate" : false,
  "shouldSkipTagsUpdate" : false,
  "shouldSkipSyslogUrlUpdate" : false
}, {
  "isOptional" : false,
  "isManaged" : true,
  "name" : "********",
  "v3Metadata" : {
    "annotations" : {
      "mta_id" : "employee-cap",
      "mta_version" : "1.0.0",
      "mta_resource" : "********"
    },
    "labels" : {
      "mta_id" : "0bdd90acd3d41cd0b3fa3e6da2133eeb"
    }
  },
  "label" : "xsuaa",
  "plan" : "application",
  "credentials" : "********",
  "tags" : [ ],
  "type" : "managed",
  "resourceName" : "********",
  "shouldSkipParametersUpdate" : false,
  "shouldSkipPlanUpdate" : false,
  "shouldSkipTagsUpdate" : false,
  "shouldSkipSyslogUrlUpdate" : false
} ]#
#2026 06 01 09:03:38.982#Z#DEBUG#c6a01c79-5d98-11f1-b148-eeee0a9387a4.OPERATION#flowable-async-job-executor-thread-10346#
Step "Extract Services with Resolved Dynamic parameters from batch" finished#
#2026 06 01 09:03:39.077#Z#DEBUG#c6a01c79-5d98-11f1-b148-eeee0a9387a4.OPERATION#flowable-async-job-executor-thread-10341#
[CheckServiceOperationStateStep] Executing task "CheckServiceOperationStateTask" of process "c798fbd9-5d98-11f1-b148-eeee0a9387a4"...#
#2026 06 01 09:03:39.079#Z#DEBUG#c6a01c79-5d98-11f1-b148-eeee0a9387a4.OPERATION#flowable-async-job-executor-thread-10341#
[CheckServiceOperationStateStep] Getting service instance "employee1-cap-auth"...#
#2026 06 01 09:03:39.202#Z#DEBUG#c6a01c79-5d98-11f1-b148-eeee0a9387a4.OPERATION#flowable-async-job-executor-thread-10341#
Step "Check for service operations in Progress" finished#
#2026 06 01 09:03:39.237#Z#DEBUG#c6a01c79-5d98-11f1-b148-eeee0a9387a4.OPERATION#flowable-async-job-executor-thread-10341#
[DetermineServiceCreateUpdateServiceActionsStep] Executing task "DetermineServiceCreateUpdateActionsTask" of process "c798fbd9-5d98-11f1-b148-eeee0a9387a4"...#
#2026 06 01 09:03:39.238#Z#INFO#c6a01c79-5d98-11f1-b148-eeee0a9387a4.OPERATION#flowable-async-job-executor-thread-10341#
[DetermineServiceCreateUpdateServiceActionsStep] Processing service "employee1-cap-auth"...#
#2026 06 01 09:03:39.248#Z#DEBUG#c6a01c79-5d98-11f1-b148-eeee0a9387a4.OPERATION#flowable-async-job-executor-thread-10341#
[DetermineServiceCreateUpdateServiceActionsStep] Getting service instance "employee1-cap-auth"...#
#2026 06 01 09:03:39.349#Z#INFO#c6a01c79-5d98-11f1-b148-eeee0a9387a4.OPERATION#flowable-async-job-executor-thread-10341#
[DetermineServiceCreateUpdateServiceActionsStep] Setting service "employee1-cap-auth" parameters from "xs-security.json"#
#2026 06 01 09:03:39.381#Z#DEBUG#c6a01c79-5d98-11f1-b148-eeee0a9387a4.OPERATION#flowable-async-job-executor-thread-10341#
[DetermineServiceCreateUpdateServiceActionsStep] Existing service: {
  "name" : "********",
  "metadata" : {
    "guid" : "9020b8f5-8202-490e-88e5-729690626111",
    "createdAt" : [ 2026, 6, 1, 7, 23, 10 ],
    "updatedAt" : [ 2026, 6, 1, 7, 23, 10 ]
  },
  "v3Metadata" : {
    "annotations" : {
      "mta_id" : "employee-cap",
      "mta_version" : "1.0.0",
      "mta_resource" : "********"
    },
    "labels" : {
      "mta_id" : "0bdd90acd3d41cd0b3fa3e6da2133eeb"
    }
  },
  "label" : "xsuaa",
  "plan" : "application",
  "credentials" : "********",
  "tags" : [ ],
  "type" : "managed",
  "lastOperation" : {
    "type" : "UPDATE",
    "description" : "",
    "state" : "SUCCEEDED"
  }
}#
#2026 06 01 09:03:39.381#Z#DEBUG#c6a01c79-5d98-11f1-b148-eeee0a9387a4.OPERATION#flowable-async-job-executor-thread-10341#
[DetermineServiceCreateUpdateServiceActionsStep] Service parameters will be updated#
#2026 06 01 09:03:39.381#Z#DEBUG#c6a01c79-5d98-11f1-b148-eeee0a9387a4.OPERATION#flowable-async-job-executor-thread-10341#
[DetermineServiceCreateUpdateServiceActionsStep] New parameters: {
  "attributes" : [ ],
  "oauth2-configuration" : "********",
  "role-templates" : [ ],
  "scopes" : [ ],
  "tenant-mode" : "dedicated",
  "xsappname" : "employee1-cap-203430a5trial_203430a5trial-dev"
}#
#2026 06 01 09:03:39.381#Z#DEBUG#c6a01c79-5d98-11f1-b148-eeee0a9387a4.OPERATION#flowable-async-job-executor-thread-10341#
Step "Determine update actions" finished#
#2026 06 01 09:03:39.424#Z#DEBUG#c6a01c79-5d98-11f1-b148-eeee0a9387a4.OPERATION#flowable-async-job-executor-thread-10342#
[CheckForServiceBindingOrKeyOperationStep] Executing task "CheckForServiceBindingOrKeyCreation" of process "c798fbd9-5d98-11f1-b148-eeee0a9387a4"...#
#2026 06 01 09:03:39.425#Z#DEBUG#c6a01c79-5d98-11f1-b148-eeee0a9387a4.OPERATION#flowable-async-job-executor-thread-10342#
Step "Check for service binding or key creation" finished#
#2026 06 01 09:03:39.468#Z#DEBUG#c6a01c79-5d98-11f1-b148-eeee0a9387a4.OPERATION#flowable-async-job-executor-thread-10345#
[UpdateServiceParametersStep] Executing task "UpdateServiceParametersTask" of process "c798fbd9-5d98-11f1-b148-eeee0a9387a4"...#
#2026 06 01 09:03:39.470#Z#INFO#c6a01c79-5d98-11f1-b148-eeee0a9387a4.OPERATION#flowable-async-job-executor-thread-10345#
[UpdateServiceParametersStep] Updating service "employee1-cap-auth"...#
#2026 06 01 09:03:39.482#Z#DEBUG#c6a01c79-5d98-11f1-b148-eeee0a9387a4.OPERATION#flowable-async-job-executor-thread-10345#
[UpdateServiceParametersStep] Updating service parameters for service "employee1-cap-auth"...#
#2026 06 01 09:03:39.599#Z#DEBUG#c6a01c79-5d98-11f1-b148-eeee0a9387a4.OPERATION#flowable-async-job-executor-thread-10345#
[UpdateServiceParametersStep] Service "employee1-cap-auth" updated#
#2026 06 01 09:03:39.599#Z#DEBUG#c6a01c79-5d98-11f1-b148-eeee0a9387a4.OPERATION#flowable-async-job-executor-thread-10345#
[UpdateServiceParametersStep] Triggered service operations: {
  "employee1-cap-auth" : "UPDATE"
}#
#2026 06 01 09:03:39.616#Z#DEBUG#c6a01c79-5d98-11f1-b148-eeee0a9387a4.OPERATION#flowable-async-job-executor-thread-10345#
Step "Update parameters" finished#
#2026 06 01 09:03:40.838#Z#DEBUG#c6a01c79-5d98-11f1-b148-eeee0a9387a4.OPERATION#flowable-async-job-executor-thread-10347#
[CheckServiceOperationStateStep] Executing task "CheckServiceOperationStateTask" of process "c89c898f-5d98-11f1-b148-eeee0a9387a4"...#
#2026 06 01 09:03:40.841#Z#DEBUG#c6a01c79-5d98-11f1-b148-eeee0a9387a4.OPERATION#flowable-async-job-executor-thread-10347#
[CheckServiceOperationStateStep] Getting service instance "employee1-db"...#
#2026 06 01 09:03:40.868#Z#DEBUG#c6a01c79-5d98-11f1-b148-eeee0a9387a4.OPERATION#flowable-async-job-executor-thread-10347#
Step "Check for service operations in Progress" finished#
#2026 06 01 09:03:40.915#Z#DEBUG#c6a01c79-5d98-11f1-b148-eeee0a9387a4.OPERATION#flowable-async-job-executor-thread-10347#
[DetermineServiceCreateUpdateServiceActionsStep] Executing task "DetermineServiceCreateUpdateActionsTask" of process "c89c898f-5d98-11f1-b148-eeee0a9387a4"...#
#2026 06 01 09:03:40.918#Z#INFO#c6a01c79-5d98-11f1-b148-eeee0a9387a4.OPERATION#flowable-async-job-executor-thread-10347#
[DetermineServiceCreateUpdateServiceActionsStep] Processing service "employee1-db"...#
#2026 06 01 09:03:40.947#Z#DEBUG#c6a01c79-5d98-11f1-b148-eeee0a9387a4.OPERATION#flowable-async-job-executor-thread-10347#
[DetermineServiceCreateUpdateServiceActionsStep] Getting service instance "employee1-db"...#
#2026 06 01 09:03:40.974#Z#DEBUG#c6a01c79-5d98-11f1-b148-eeee0a9387a4.OPERATION#flowable-async-job-executor-thread-10347#
[DetermineServiceCreateUpdateServiceActionsStep] Service should be created#
#2026 06 01 09:03:40.976#Z#DEBUG#c6a01c79-5d98-11f1-b148-eeee0a9387a4.OPERATION#flowable-async-job-executor-thread-10347#
Step "Determine update actions" finished#
#2026 06 01 09:03:41.022#Z#DEBUG#c6a01c79-5d98-11f1-b148-eeee0a9387a4.OPERATION#flowable-async-job-executor-thread-10347#
[CreateServiceStep] Executing task "CreateServiceTask" of process "c89c898f-5d98-11f1-b148-eeee0a9387a4"...#
#2026 06 01 09:03:41.025#Z#INFO#c6a01c79-5d98-11f1-b148-eeee0a9387a4.OPERATION#flowable-async-job-executor-thread-10347#
[CreateServiceStep] Creating service "employee1-db" from MTA resource "employee1-db"...#
#2026 06 01 09:03:41.032#Z#DEBUG#c6a01c79-5d98-11f1-b148-eeee0a9387a4.OPERATION#flowable-async-job-executor-thread-10347#
[CreateServiceStep] Creating service instance: {
  "isOptional" : false,
  "isManaged" : true,
  "name" : "employee1-db",
  "v3Metadata" : {
    "annotations" : {
      "mta_id" : "employee-cap",
      "mta_version" : "1.0.0",
      "mta_resource" : "{\"name\":\"employee1-db\"}"
    },
    "labels" : {
      "mta_id" : "0bdd90acd3d41cd0b3fa3e6da2133eeb"
    }
  },
  "label" : "hana",
  "plan" : "hdi-shared",
  "credentials" : "********",
  "tags" : [ ],
  "type" : "managed",
  "resourceName" : "employee1-db",
  "shouldSkipParametersUpdate" : false,
  "shouldSkipPlanUpdate" : false,
  "shouldSkipTagsUpdate" : false,
  "shouldSkipSyslogUrlUpdate" : false
}#
#2026 06 01 09:03:41.263#Z#DEBUG#c6a01c79-5d98-11f1-b148-eeee0a9387a4.OPERATION#flowable-async-job-executor-thread-10347#
[CreateServiceStep] Service "employee1-db" created#
#2026 06 01 09:03:41.263#Z#DEBUG#c6a01c79-5d98-11f1-b148-eeee0a9387a4.OPERATION#flowable-async-job-executor-thread-10347#
[CreateServiceStep] Triggered service operations: {
  "employee1-db" : "CREATE"
}#
#2026 06 01 09:03:41.264#Z#DEBUG#c6a01c79-5d98-11f1-b148-eeee0a9387a4.OPERATION#flowable-async-job-executor-thread-10347#
Step "Create" finished#
#2026 06 01 09:03:49.897#Z#DEBUG#c6a01c79-5d98-11f1-b148-eeee0a9387a4.OPERATION#flowable-async-job-executor-thread-10352#
[UpdateServiceParametersStep] Executing task "UpdateServiceParametersTask" of process "c798fbd9-5d98-11f1-b148-eeee0a9387a4"...#
#2026 06 01 09:03:49.897#Z#DEBUG#c6a01c79-5d98-11f1-b148-eeee0a9387a4.OPERATION#flowable-async-job-executor-thread-10352#
[UpdateServiceParametersStep] Polling service operations...#
#2026 06 01 09:03:49.899#Z#DEBUG#c6a01c79-5d98-11f1-b148-eeee0a9387a4.OPERATION#flowable-async-job-executor-thread-10352#
[UpdateServiceParametersStep] Getting service instance "employee1-cap-auth"...#
#2026 06 01 09:03:50.009#Z#DEBUG#c6a01c79-5d98-11f1-b148-eeee0a9387a4.OPERATION#flowable-async-job-executor-thread-10352#
[UpdateServiceParametersStep] Last operation for service "employee1-cap-auth": {
  "type" : "UPDATE",
  "description" : "",
  "state" : "SUCCEEDED"
}#
#2026 06 01 09:03:50.009#Z#DEBUG#c6a01c79-5d98-11f1-b148-eeee0a9387a4.OPERATION#flowable-async-job-executor-thread-10352#
[UpdateServiceParametersStep] Service "employee1-cap-auth" updated#
#2026 06 01 09:03:50.010#Z#INFO#c6a01c79-5d98-11f1-b148-eeee0a9387a4.OPERATION#flowable-async-job-executor-thread-10352#
[UpdateServiceParametersStep] 1 of 1 done#
#2026 06 01 09:03:50.018#Z#DEBUG#c6a01c79-5d98-11f1-b148-eeee0a9387a4.OPERATION#flowable-async-job-executor-thread-10352#
[UpdateServiceParametersStep] Remaining services to poll: [ ]#
#2026 06 01 09:03:50.019#Z#DEBUG#c6a01c79-5d98-11f1-b148-eeee0a9387a4.OPERATION#flowable-async-job-executor-thread-10352#
Step "Update parameters" finished#
#2026 06 01 09:03:49.933#Z#DEBUG#c6a01c79-5d98-11f1-b148-eeee0a9387a4.OPERATION#flowable-async-job-executor-thread-10354#
[CreateServiceStep] Executing task "CreateServiceTask" of process "c89c898f-5d98-11f1-b148-eeee0a9387a4"...#
#2026 06 01 09:03:49.933#Z#DEBUG#c6a01c79-5d98-11f1-b148-eeee0a9387a4.OPERATION#flowable-async-job-executor-thread-10354#
[CreateServiceStep] Polling service operations...#
#2026 06 01 09:03:49.935#Z#DEBUG#c6a01c79-5d98-11f1-b148-eeee0a9387a4.OPERATION#flowable-async-job-executor-thread-10354#
[CreateServiceStep] Getting service instance "employee1-db"...#
#2026 06 01 09:03:50.047#Z#DEBUG#c6a01c79-5d98-11f1-b148-eeee0a9387a4.OPERATION#flowable-async-job-executor-thread-10354#
[CreateServiceStep] Last operation for service "employee1-db": {
  "type" : "CREATE",
  "description" : "Service broker error: Service broker hana-broker failed with: Can not create service instance 'employee1-db': There is no database available. Ensure that you have a database available in space 'dev' within organization '203430a5trial_203430a5trial'.",
  "state" : "FAILED"
}#
#2026 06 01 09:03:50.049#Z#ERROR#c6a01c79-5d98-11f1-b148-eeee0a9387a4.OPERATION#flowable-async-job-executor-thread-10354#
Exception caught#
org.cloudfoundry.multiapps.common.SLException: Error monitoring creation or update of services: Error creating service "employee1-db" from offering "hana" and plan "hdi-shared": Service broker error: Service broker hana-broker failed with: Can not create service instance 'employee1-db': There is no database available. Ensure that you have a database available in space 'dev' within organization '203430a5trial_203430a5trial'. 
	at org.cloudfoundry.multiapps.controller.process.steps.SyncFlowableStep.processException(SyncFlowableStep.java:156)
	at org.cloudfoundry.multiapps.controller.process.steps.AsyncFlowableStep.executeStepExecution(AsyncFlowableStep.java:28)
	at org.cloudfoundry.multiapps.controller.process.steps.AsyncFlowableStep.executeStep(AsyncFlowableStep.java:15)
	at org.cloudfoundry.multiapps.controller.process.steps.SyncFlowableStep.executeInternal(SyncFlowableStep.java:82)
	at org.cloudfoundry.multiapps.controller.process.steps.SyncFlowableStep.lambda$execute$0(SyncFlowableStep.java:72)
	at org.cloudfoundry.multiapps.controller.core.util.LoggingUtil.logWithCorrelationId(LoggingUtil.java:14)
	at org.cloudfoundry.multiapps.controller.process.steps.SyncFlowableStep.execute(SyncFlowableStep.java:72)
	at org.flowable.engine.impl.delegate.invocation.JavaDelegateInvocation.invoke(JavaDelegateInvocation.java:35)
	at org.flowable.engine.impl.delegate.invocation.DelegateInvocation.proceed(DelegateInvocation.java:32)
	at org.flowable.engine.impl.delegate.invocation.DefaultDelegateInterceptor.handleInvocation(DefaultDelegateInterceptor.java:26)
	at org.flowable.engine.impl.bpmn.behavior.ServiceTaskDelegateExpressionActivityBehavior.execute(ServiceTaskDelegateExpressionActivityBehavior.java:177)
	at org.flowable.engine.impl.agenda.ContinueProcessOperation.executeActivityBehavior(ContinueProcessOperation.java:298)
	at org.flowable.engine.impl.agenda.ContinueProcessOperation.executeSynchronous(ContinueProcessOperation.java:175)
	at org.flowable.engine.impl.agenda.ContinueProcessOperation.continueThroughFlowNode(ContinueProcessOperation.java:125)
	at org.flowable.engine.impl.agenda.ContinueProcessOperation.run(ContinueProcessOperation.java:88)
	at org.flowable.common.engine.impl.AbstractEngineConfiguration.lambda$new$0(AbstractEngineConfiguration.java:198)
	at org.flowable.engine.impl.interceptor.CommandInvoker.executeOperation(CommandInvoker.java:189)
	at org.flowable.engine.impl.interceptor.CommandInvoker.executeOperations(CommandInvoker.java:128)
	at org.flowable.engine.impl.interceptor.CommandInvoker.execute(CommandInvoker.java:80)
	at org.flowable.engine.impl.interceptor.BpmnOverrideContextInterceptor.execute(BpmnOverrideContextInterceptor.java:26)
	at org.flowable.common.engine.impl.interceptor.TransactionContextInterceptor.execute(TransactionContextInterceptor.java:53)
	at org.flowable.common.engine.impl.interceptor.CommandContextInterceptor.execute(CommandContextInterceptor.java:105)
	at org.flowable.common.spring.SpringTransactionInterceptor.lambda$execute$0(SpringTransactionInterceptor.java:57)
	at org.springframework.transaction.support.TransactionTemplate.execute(TransactionTemplate.java:140)
	at org.flowable.common.spring.SpringTransactionInterceptor.execute(SpringTransactionInterceptor.java:57)
	at org.flowable.common.engine.impl.interceptor.LogInterceptor.execute(LogInterceptor.java:30)
	at org.flowable.common.engine.impl.cfg.CommandExecutorImpl.execute(CommandExecutorImpl.java:56)
	at org.flowable.common.engine.impl.cfg.CommandExecutorImpl.execute(CommandExecutorImpl.java:51)
	at org.flowable.job.service.impl.asyncexecutor.ExecuteAsyncRunnable.handleTransactionalJob(ExecuteAsyncRunnable.java:177)
	at org.flowable.job.service.impl.asyncexecutor.ExecuteAsyncRunnable.executeJob(ExecuteAsyncRunnable.java:146)
	at org.flowable.job.service.impl.asyncexecutor.ExecuteAsyncRunnable.runInternally(ExecuteAsyncRunnable.java:122)
	at org.flowable.job.service.impl.asyncexecutor.ExecuteAsyncRunnable.run(ExecuteAsyncRunnable.java:96)
	at java.base/java.util.concurrent.ThreadPoolExecutor.runWorker(ThreadPoolExecutor.java:1090)
	at java.base/java.util.concurrent.ThreadPoolExecutor$Worker.run(ThreadPoolExecutor.java:614)
	at java.base/java.lang.Thread.run(Thread.java:1474)
Caused by: org.cloudfoundry.multiapps.common.SLException: Error creating service "employee1-db" from offering "hana" and plan "hdi-shared": Service broker error: Service broker hana-broker failed with: Can not create service instance 'employee1-db': There is no database available. Ensure that you have a database available in space 'dev' within organization '203430a5trial_203430a5trial'.
	at org.cloudfoundry.multiapps.controller.process.steps.PollServiceCreateOrUpdateOperationsExecution.handleFailedState(PollServiceCreateOrUpdateOperationsExecution.java:96)
	at org.cloudfoundry.multiapps.controller.process.steps.PollServiceCreateOrUpdateOperationsExecution.reportServiceState(PollServiceCreateOrUpdateOperationsExecution.java:78)
	at org.cloudfoundry.multiapps.controller.process.steps.PollServiceOperationsExecution.reportDetailedServicesStates(PollServiceOperationsExecution.java:124)
	at org.cloudfoundry.multiapps.controller.process.steps.PollServiceOperationsExecution.execute(PollServiceOperationsExecution.java:59)
	at org.cloudfoundry.multiapps.controller.process.steps.AsyncFlowableStep.executeStepExecution(AsyncFlowableStep.java:25)
	... 33 more
#2026 06 01 09:03:50.062#Z#DEBUG#c6a01c79-5d98-11f1-b148-eeee0a9387a4.OPERATION#flowable-async-job-executor-thread-10354#
Step "Create" finished#
#2026 06 01 09:03:52.718#Z#DEBUG#c6a01c79-5d98-11f1-b148-eeee0a9387a4.OPERATION#flowable-async-job-executor-thread-10356#
[CreateServiceStep] Executing task "CreateServiceTask" of process "c89c898f-5d98-11f1-b148-eeee0a9387a4"...#
#2026 06 01 09:03:52.790#Z#INFO#c6a01c79-5d98-11f1-b148-eeee0a9387a4.OPERATION#flowable-async-job-executor-thread-10356#
[CreateServiceStep] Creating service "employee1-db" from MTA resource "employee1-db"...#
#2026 06 01 09:03:52.797#Z#DEBUG#c6a01c79-5d98-11f1-b148-eeee0a9387a4.OPERATION#flowable-async-job-executor-thread-10356#
[CreateServiceStep] Creating service instance: {
  "isOptional" : false,
  "isManaged" : true,
  "name" : "employee1-db",
  "v3Metadata" : {
    "annotations" : {
      "mta_id" : "employee-cap",
      "mta_version" : "1.0.0",
      "mta_resource" : "{\"name\":\"employee1-db\"}"
    },
    "labels" : {
      "mta_id" : "0bdd90acd3d41cd0b3fa3e6da2133eeb"
    }
  },
  "label" : "hana",
  "plan" : "hdi-shared",
  "credentials" : "********",
  "tags" : [ ],
  "type" : "managed",
  "resourceName" : "employee1-db",
  "shouldSkipParametersUpdate" : false,
  "shouldSkipPlanUpdate" : false,
  "shouldSkipTagsUpdate" : false,
  "shouldSkipSyslogUrlUpdate" : false
}#
#2026 06 01 09:03:53.033#Z#DEBUG#c6a01c79-5d98-11f1-b148-eeee0a9387a4.OPERATION#flowable-async-job-executor-thread-10356#
[CreateServiceStep] Service "employee1-db" created#
#2026 06 01 09:03:53.033#Z#DEBUG#c6a01c79-5d98-11f1-b148-eeee0a9387a4.OPERATION#flowable-async-job-executor-thread-10356#
[CreateServiceStep] Triggered service operations: {
  "employee1-db" : "CREATE"
}#
#2026 06 01 09:03:53.037#Z#DEBUG#c6a01c79-5d98-11f1-b148-eeee0a9387a4.OPERATION#flowable-async-job-executor-thread-10356#
Step "Create" finished#
#2026 06 01 09:03:59.941#Z#DEBUG#c6a01c79-5d98-11f1-b148-eeee0a9387a4.OPERATION#flowable-async-job-executor-thread-10360#
[CreateServiceStep] Executing task "CreateServiceTask" of process "c89c898f-5d98-11f1-b148-eeee0a9387a4"...#
#2026 06 01 09:03:59.941#Z#DEBUG#c6a01c79-5d98-11f1-b148-eeee0a9387a4.OPERATION#flowable-async-job-executor-thread-10360#
[CreateServiceStep] Polling service operations...#
#2026 06 01 09:03:59.943#Z#DEBUG#c6a01c79-5d98-11f1-b148-eeee0a9387a4.OPERATION#flowable-async-job-executor-thread-10360#
[CreateServiceStep] Getting service instance "employee1-db"...#
#2026 06 01 09:04:00.091#Z#DEBUG#c6a01c79-5d98-11f1-b148-eeee0a9387a4.OPERATION#flowable-async-job-executor-thread-10360#
[CreateServiceStep] Last operation for service "employee1-db": {
  "type" : "CREATE",
  "description" : "Service broker error: Service broker hana-broker failed with: Can not create service instance 'employee1-db': There is no database available. Ensure that you have a database available in space 'dev' within organization '203430a5trial_203430a5trial'.",
  "state" : "FAILED"
}#
#2026 06 01 09:04:00.092#Z#ERROR#c6a01c79-5d98-11f1-b148-eeee0a9387a4.OPERATION#flowable-async-job-executor-thread-10360#
Exception caught#
org.cloudfoundry.multiapps.common.SLException: Error monitoring creation or update of services: Error creating service "employee1-db" from offering "hana" and plan "hdi-shared": Service broker error: Service broker hana-broker failed with: Can not create service instance 'employee1-db': There is no database available. Ensure that you have a database available in space 'dev' within organization '203430a5trial_203430a5trial'. 
	at org.cloudfoundry.multiapps.controller.process.steps.SyncFlowableStep.processException(SyncFlowableStep.java:156)
	at org.cloudfoundry.multiapps.controller.process.steps.AsyncFlowableStep.executeStepExecution(AsyncFlowableStep.java:28)
	at org.cloudfoundry.multiapps.controller.process.steps.AsyncFlowableStep.executeStep(AsyncFlowableStep.java:15)
	at org.cloudfoundry.multiapps.controller.process.steps.SyncFlowableStep.executeInternal(SyncFlowableStep.java:82)
	at org.cloudfoundry.multiapps.controller.process.steps.SyncFlowableStep.lambda$execute$0(SyncFlowableStep.java:72)
	at org.cloudfoundry.multiapps.controller.core.util.LoggingUtil.logWithCorrelationId(LoggingUtil.java:14)
	at org.cloudfoundry.multiapps.controller.process.steps.SyncFlowableStep.execute(SyncFlowableStep.java:72)
	at org.flowable.engine.impl.delegate.invocation.JavaDelegateInvocation.invoke(JavaDelegateInvocation.java:35)
	at org.flowable.engine.impl.delegate.invocation.DelegateInvocation.proceed(DelegateInvocation.java:32)
	at org.flowable.engine.impl.delegate.invocation.DefaultDelegateInterceptor.handleInvocation(DefaultDelegateInterceptor.java:26)
	at org.flowable.engine.impl.bpmn.behavior.ServiceTaskDelegateExpressionActivityBehavior.execute(ServiceTaskDelegateExpressionActivityBehavior.java:177)
	at org.flowable.engine.impl.agenda.ContinueProcessOperation.executeActivityBehavior(ContinueProcessOperation.java:298)
	at org.flowable.engine.impl.agenda.ContinueProcessOperation.executeSynchronous(ContinueProcessOperation.java:175)
	at org.flowable.engine.impl.agenda.ContinueProcessOperation.continueThroughFlowNode(ContinueProcessOperation.java:125)
	at org.flowable.engine.impl.agenda.ContinueProcessOperation.run(ContinueProcessOperation.java:88)
	at org.flowable.common.engine.impl.AbstractEngineConfiguration.lambda$new$0(AbstractEngineConfiguration.java:198)
	at org.flowable.engine.impl.interceptor.CommandInvoker.executeOperation(CommandInvoker.java:189)
	at org.flowable.engine.impl.interceptor.CommandInvoker.executeOperations(CommandInvoker.java:128)
	at org.flowable.engine.impl.interceptor.CommandInvoker.execute(CommandInvoker.java:80)
	at org.flowable.engine.impl.interceptor.BpmnOverrideContextInterceptor.execute(BpmnOverrideContextInterceptor.java:26)
	at org.flowable.common.engine.impl.interceptor.TransactionContextInterceptor.execute(TransactionContextInterceptor.java:53)
	at org.flowable.common.engine.impl.interceptor.CommandContextInterceptor.execute(CommandContextInterceptor.java:105)
	at org.flowable.common.spring.SpringTransactionInterceptor.lambda$execute$0(SpringTransactionInterceptor.java:57)
	at org.springframework.transaction.support.TransactionTemplate.execute(TransactionTemplate.java:140)
	at org.flowable.common.spring.SpringTransactionInterceptor.execute(SpringTransactionInterceptor.java:57)
	at org.flowable.common.engine.impl.interceptor.LogInterceptor.execute(LogInterceptor.java:30)
	at org.flowable.common.engine.impl.cfg.CommandExecutorImpl.execute(CommandExecutorImpl.java:56)
	at org.flowable.common.engine.impl.cfg.CommandExecutorImpl.execute(CommandExecutorImpl.java:51)
	at org.flowable.job.service.impl.asyncexecutor.ExecuteAsyncRunnable.handleTransactionalJob(ExecuteAsyncRunnable.java:177)
	at org.flowable.job.service.impl.asyncexecutor.ExecuteAsyncRunnable.executeJob(ExecuteAsyncRunnable.java:146)
	at org.flowable.job.service.impl.asyncexecutor.ExecuteAsyncRunnable.runInternally(ExecuteAsyncRunnable.java:122)
	at org.flowable.job.service.impl.asyncexecutor.ExecuteAsyncRunnable.run(ExecuteAsyncRunnable.java:96)
	at java.base/java.util.concurrent.ThreadPoolExecutor.runWorker(ThreadPoolExecutor.java:1090)
	at java.base/java.util.concurrent.ThreadPoolExecutor$Worker.run(ThreadPoolExecutor.java:614)
	at java.base/java.lang.Thread.run(Thread.java:1474)
Caused by: org.cloudfoundry.multiapps.common.SLException: Error creating service "employee1-db" from offering "hana" and plan "hdi-shared": Service broker error: Service broker hana-broker failed with: Can not create service instance 'employee1-db': There is no database available. Ensure that you have a database available in space 'dev' within organization '203430a5trial_203430a5trial'.
	at org.cloudfoundry.multiapps.controller.process.steps.PollServiceCreateOrUpdateOperationsExecution.handleFailedState(PollServiceCreateOrUpdateOperationsExecution.java:96)
	at org.cloudfoundry.multiapps.controller.process.steps.PollServiceCreateOrUpdateOperationsExecution.reportServiceState(PollServiceCreateOrUpdateOperationsExecution.java:78)
	at org.cloudfoundry.multiapps.controller.process.steps.PollServiceOperationsExecution.reportDetailedServicesStates(PollServiceOperationsExecution.java:124)
	at org.cloudfoundry.multiapps.controller.process.steps.PollServiceOperationsExecution.execute(PollServiceOperationsExecution.java:59)
	at org.cloudfoundry.multiapps.controller.process.steps.AsyncFlowableStep.executeStepExecution(AsyncFlowableStep.java:25)
	... 33 more
#2026 06 01 09:04:00.105#Z#DEBUG#c6a01c79-5d98-11f1-b148-eeee0a9387a4.OPERATION#flowable-async-job-executor-thread-10360#
Step "Create" finished#
#2026 06 01 09:04:01.901#Z#DEBUG#c6a01c79-5d98-11f1-b148-eeee0a9387a4.OPERATION#flowable-async-job-executor-thread-10361#
[CreateServiceStep] Executing task "CreateServiceTask" of process "c89c898f-5d98-11f1-b148-eeee0a9387a4"...#
#2026 06 01 09:04:01.991#Z#INFO#c6a01c79-5d98-11f1-b148-eeee0a9387a4.OPERATION#flowable-async-job-executor-thread-10361#
[CreateServiceStep] Creating service "employee1-db" from MTA resource "employee1-db"...#
#2026 06 01 09:04:01.999#Z#DEBUG#c6a01c79-5d98-11f1-b148-eeee0a9387a4.OPERATION#flowable-async-job-executor-thread-10361#
[CreateServiceStep] Creating service instance: {
  "isOptional" : false,
  "isManaged" : true,
  "name" : "employee1-db",
  "v3Metadata" : {
    "annotations" : {
      "mta_id" : "employee-cap",
      "mta_version" : "1.0.0",
      "mta_resource" : "{\"name\":\"employee1-db\"}"
    },
    "labels" : {
      "mta_id" : "0bdd90acd3d41cd0b3fa3e6da2133eeb"
    }
  },
  "label" : "hana",
  "plan" : "hdi-shared",
  "credentials" : "********",
  "tags" : [ ],
  "type" : "managed",
  "resourceName" : "employee1-db",
  "shouldSkipParametersUpdate" : false,
  "shouldSkipPlanUpdate" : false,
  "shouldSkipTagsUpdate" : false,
  "shouldSkipSyslogUrlUpdate" : false
}#
#2026 06 01 09:04:02.242#Z#DEBUG#c6a01c79-5d98-11f1-b148-eeee0a9387a4.OPERATION#flowable-async-job-executor-thread-10361#
[CreateServiceStep] Service "employee1-db" created#
#2026 06 01 09:04:02.242#Z#DEBUG#c6a01c79-5d98-11f1-b148-eeee0a9387a4.OPERATION#flowable-async-job-executor-thread-10361#
[CreateServiceStep] Triggered service operations: {
  "employee1-db" : "CREATE"
}#
#2026 06 01 09:04:02.245#Z#DEBUG#c6a01c79-5d98-11f1-b148-eeee0a9387a4.OPERATION#flowable-async-job-executor-thread-10361#
Step "Create" finished#
#2026 06 01 09:04:09.958#Z#DEBUG#c6a01c79-5d98-11f1-b148-eeee0a9387a4.OPERATION#flowable-async-job-executor-thread-10365#
[CreateServiceStep] Executing task "CreateServiceTask" of process "c89c898f-5d98-11f1-b148-eeee0a9387a4"...#
#2026 06 01 09:04:09.958#Z#DEBUG#c6a01c79-5d98-11f1-b148-eeee0a9387a4.OPERATION#flowable-async-job-executor-thread-10365#
[CreateServiceStep] Polling service operations...#
#2026 06 01 09:04:09.960#Z#DEBUG#c6a01c79-5d98-11f1-b148-eeee0a9387a4.OPERATION#flowable-async-job-executor-thread-10365#
[CreateServiceStep] Getting service instance "employee1-db"...#
#2026 06 01 09:04:10.095#Z#DEBUG#c6a01c79-5d98-11f1-b148-eeee0a9387a4.OPERATION#flowable-async-job-executor-thread-10365#
[CreateServiceStep] Last operation for service "employee1-db": {
  "type" : "CREATE",
  "description" : "Service broker error: Service broker hana-broker failed with: Can not create service instance 'employee1-db': There is no database available. Ensure that you have a database available in space 'dev' within organization '203430a5trial_203430a5trial'.",
  "state" : "FAILED"
}#
#2026 06 01 09:04:10.096#Z#ERROR#c6a01c79-5d98-11f1-b148-eeee0a9387a4.OPERATION#flowable-async-job-executor-thread-10365#
Exception caught#
org.cloudfoundry.multiapps.common.SLException: Error monitoring creation or update of services: Error creating service "employee1-db" from offering "hana" and plan "hdi-shared": Service broker error: Service broker hana-broker failed with: Can not create service instance 'employee1-db': There is no database available. Ensure that you have a database available in space 'dev' within organization '203430a5trial_203430a5trial'. 
	at org.cloudfoundry.multiapps.controller.process.steps.SyncFlowableStep.processException(SyncFlowableStep.java:156)
	at org.cloudfoundry.multiapps.controller.process.steps.AsyncFlowableStep.executeStepExecution(AsyncFlowableStep.java:28)
	at org.cloudfoundry.multiapps.controller.process.steps.AsyncFlowableStep.executeStep(AsyncFlowableStep.java:15)
	at org.cloudfoundry.multiapps.controller.process.steps.SyncFlowableStep.executeInternal(SyncFlowableStep.java:82)
	at org.cloudfoundry.multiapps.controller.process.steps.SyncFlowableStep.lambda$execute$0(SyncFlowableStep.java:72)
	at org.cloudfoundry.multiapps.controller.core.util.LoggingUtil.logWithCorrelationId(LoggingUtil.java:14)
	at org.cloudfoundry.multiapps.controller.process.steps.SyncFlowableStep.execute(SyncFlowableStep.java:72)
	at org.flowable.engine.impl.delegate.invocation.JavaDelegateInvocation.invoke(JavaDelegateInvocation.java:35)
	at org.flowable.engine.impl.delegate.invocation.DelegateInvocation.proceed(DelegateInvocation.java:32)
	at org.flowable.engine.impl.delegate.invocation.DefaultDelegateInterceptor.handleInvocation(DefaultDelegateInterceptor.java:26)
	at org.flowable.engine.impl.bpmn.behavior.ServiceTaskDelegateExpressionActivityBehavior.execute(ServiceTaskDelegateExpressionActivityBehavior.java:177)
	at org.flowable.engine.impl.agenda.ContinueProcessOperation.executeActivityBehavior(ContinueProcessOperation.java:298)
	at org.flowable.engine.impl.agenda.ContinueProcessOperation.executeSynchronous(ContinueProcessOperation.java:175)
	at org.flowable.engine.impl.agenda.ContinueProcessOperation.continueThroughFlowNode(ContinueProcessOperation.java:125)
	at org.flowable.engine.impl.agenda.ContinueProcessOperation.run(ContinueProcessOperation.java:88)
	at org.flowable.common.engine.impl.AbstractEngineConfiguration.lambda$new$0(AbstractEngineConfiguration.java:198)
	at org.flowable.engine.impl.interceptor.CommandInvoker.executeOperation(CommandInvoker.java:189)
	at org.flowable.engine.impl.interceptor.CommandInvoker.executeOperations(CommandInvoker.java:128)
	at org.flowable.engine.impl.interceptor.CommandInvoker.execute(CommandInvoker.java:80)
	at org.flowable.engine.impl.interceptor.BpmnOverrideContextInterceptor.execute(BpmnOverrideContextInterceptor.java:26)
	at org.flowable.common.engine.impl.interceptor.TransactionContextInterceptor.execute(TransactionContextInterceptor.java:53)
	at org.flowable.common.engine.impl.interceptor.CommandContextInterceptor.execute(CommandContextInterceptor.java:105)
	at org.flowable.common.spring.SpringTransactionInterceptor.lambda$execute$0(SpringTransactionInterceptor.java:57)
	at org.springframework.transaction.support.TransactionTemplate.execute(TransactionTemplate.java:140)
	at org.flowable.common.spring.SpringTransactionInterceptor.execute(SpringTransactionInterceptor.java:57)
	at org.flowable.common.engine.impl.interceptor.LogInterceptor.execute(LogInterceptor.java:30)
	at org.flowable.common.engine.impl.cfg.CommandExecutorImpl.execute(CommandExecutorImpl.java:56)
	at org.flowable.common.engine.impl.cfg.CommandExecutorImpl.execute(CommandExecutorImpl.java:51)
	at org.flowable.job.service.impl.asyncexecutor.ExecuteAsyncRunnable.handleTransactionalJob(ExecuteAsyncRunnable.java:177)
	at org.flowable.job.service.impl.asyncexecutor.ExecuteAsyncRunnable.executeJob(ExecuteAsyncRunnable.java:146)
	at org.flowable.job.service.impl.asyncexecutor.ExecuteAsyncRunnable.runInternally(ExecuteAsyncRunnable.java:122)
	at org.flowable.job.service.impl.asyncexecutor.ExecuteAsyncRunnable.run(ExecuteAsyncRunnable.java:96)
	at java.base/java.util.concurrent.ThreadPoolExecutor.runWorker(ThreadPoolExecutor.java:1090)
	at java.base/java.util.concurrent.ThreadPoolExecutor$Worker.run(ThreadPoolExecutor.java:614)
	at java.base/java.lang.Thread.run(Thread.java:1474)
Caused by: org.cloudfoundry.multiapps.common.SLException: Error creating service "employee1-db" from offering "hana" and plan "hdi-shared": Service broker error: Service broker hana-broker failed with: Can not create service instance 'employee1-db': There is no database available. Ensure that you have a database available in space 'dev' within organization '203430a5trial_203430a5trial'.
	at org.cloudfoundry.multiapps.controller.process.steps.PollServiceCreateOrUpdateOperationsExecution.handleFailedState(PollServiceCreateOrUpdateOperationsExecution.java:96)
	at org.cloudfoundry.multiapps.controller.process.steps.PollServiceCreateOrUpdateOperationsExecution.reportServiceState(PollServiceCreateOrUpdateOperationsExecution.java:78)
	at org.cloudfoundry.multiapps.controller.process.steps.PollServiceOperationsExecution.reportDetailedServicesStates(PollServiceOperationsExecution.java:124)
	at org.cloudfoundry.multiapps.controller.process.steps.PollServiceOperationsExecution.execute(PollServiceOperationsExecution.java:59)
	at org.cloudfoundry.multiapps.controller.process.steps.AsyncFlowableStep.executeStepExecution(AsyncFlowableStep.java:25)
	... 33 more
#2026 06 01 09:04:10.109#Z#DEBUG#c6a01c79-5d98-11f1-b148-eeee0a9387a4.OPERATION#flowable-async-job-executor-thread-10365#
Step "Create" finished#
#2026 06 01 09:04:11.149#Z#DEBUG#c6a01c79-5d98-11f1-b148-eeee0a9387a4.OPERATION#flowable-async-job-executor-thread-10366#
[CreateServiceStep] Executing task "CreateServiceTask" of process "c89c898f-5d98-11f1-b148-eeee0a9387a4"...#
#2026 06 01 09:04:11.223#Z#INFO#c6a01c79-5d98-11f1-b148-eeee0a9387a4.OPERATION#flowable-async-job-executor-thread-10366#
[CreateServiceStep] Creating service "employee1-db" from MTA resource "employee1-db"...#
#2026 06 01 09:04:11.230#Z#DEBUG#c6a01c79-5d98-11f1-b148-eeee0a9387a4.OPERATION#flowable-async-job-executor-thread-10366#
[CreateServiceStep] Creating service instance: {
  "isOptional" : false,
  "isManaged" : true,
  "name" : "employee1-db",
  "v3Metadata" : {
    "annotations" : {
      "mta_id" : "employee-cap",
      "mta_version" : "1.0.0",
      "mta_resource" : "{\"name\":\"employee1-db\"}"
    },
    "labels" : {
      "mta_id" : "0bdd90acd3d41cd0b3fa3e6da2133eeb"
    }
  },
  "label" : "hana",
  "plan" : "hdi-shared",
  "credentials" : "********",
  "tags" : [ ],
  "type" : "managed",
  "resourceName" : "employee1-db",
  "shouldSkipParametersUpdate" : false,
  "shouldSkipPlanUpdate" : false,
  "shouldSkipTagsUpdate" : false,
  "shouldSkipSyslogUrlUpdate" : false
}#
#2026 06 01 09:04:11.490#Z#DEBUG#c6a01c79-5d98-11f1-b148-eeee0a9387a4.OPERATION#flowable-async-job-executor-thread-10366#
[CreateServiceStep] Service "employee1-db" created#
#2026 06 01 09:04:11.490#Z#DEBUG#c6a01c79-5d98-11f1-b148-eeee0a9387a4.OPERATION#flowable-async-job-executor-thread-10366#
[CreateServiceStep] Triggered service operations: {
  "employee1-db" : "CREATE"
}#
#2026 06 01 09:04:11.493#Z#DEBUG#c6a01c79-5d98-11f1-b148-eeee0a9387a4.OPERATION#flowable-async-job-executor-thread-10366#
Step "Create" finished#
#2026 06 01 09:04:19.967#Z#DEBUG#c6a01c79-5d98-11f1-b148-eeee0a9387a4.OPERATION#flowable-async-job-executor-thread-10369#
[CreateServiceStep] Executing task "CreateServiceTask" of process "c89c898f-5d98-11f1-b148-eeee0a9387a4"...#
#2026 06 01 09:04:19.968#Z#DEBUG#c6a01c79-5d98-11f1-b148-eeee0a9387a4.OPERATION#flowable-async-job-executor-thread-10369#
[CreateServiceStep] Polling service operations...#
#2026 06 01 09:04:19.970#Z#DEBUG#c6a01c79-5d98-11f1-b148-eeee0a9387a4.OPERATION#flowable-async-job-executor-thread-10369#
[CreateServiceStep] Getting service instance "employee1-db"...#
#2026 06 01 09:04:20.092#Z#DEBUG#c6a01c79-5d98-11f1-b148-eeee0a9387a4.OPERATION#flowable-async-job-executor-thread-10369#
[CreateServiceStep] Last operation for service "employee1-db": {
  "type" : "CREATE",
  "description" : "Service broker error: Service broker hana-broker failed with: Can not create service instance 'employee1-db': There is no database available. Ensure that you have a database available in space 'dev' within organization '203430a5trial_203430a5trial'.",
  "state" : "FAILED"
}#
#2026 06 01 09:04:20.094#Z#ERROR#c6a01c79-5d98-11f1-b148-eeee0a9387a4.OPERATION#flowable-async-job-executor-thread-10369#
Exception caught#
org.cloudfoundry.multiapps.common.SLException: Error monitoring creation or update of services: Error creating service "employee1-db" from offering "hana" and plan "hdi-shared": Service broker error: Service broker hana-broker failed with: Can not create service instance 'employee1-db': There is no database available. Ensure that you have a database available in space 'dev' within organization '203430a5trial_203430a5trial'. 
	at org.cloudfoundry.multiapps.controller.process.steps.SyncFlowableStep.processException(SyncFlowableStep.java:156)
	at org.cloudfoundry.multiapps.controller.process.steps.AsyncFlowableStep.executeStepExecution(AsyncFlowableStep.java:28)
	at org.cloudfoundry.multiapps.controller.process.steps.AsyncFlowableStep.executeStep(AsyncFlowableStep.java:15)
	at org.cloudfoundry.multiapps.controller.process.steps.SyncFlowableStep.executeInternal(SyncFlowableStep.java:82)
	at org.cloudfoundry.multiapps.controller.process.steps.SyncFlowableStep.lambda$execute$0(SyncFlowableStep.java:72)
	at org.cloudfoundry.multiapps.controller.core.util.LoggingUtil.logWithCorrelationId(LoggingUtil.java:14)
	at org.cloudfoundry.multiapps.controller.process.steps.SyncFlowableStep.execute(SyncFlowableStep.java:72)
	at org.flowable.engine.impl.delegate.invocation.JavaDelegateInvocation.invoke(JavaDelegateInvocation.java:35)
	at org.flowable.engine.impl.delegate.invocation.DelegateInvocation.proceed(DelegateInvocation.java:32)
	at org.flowable.engine.impl.delegate.invocation.DefaultDelegateInterceptor.handleInvocation(DefaultDelegateInterceptor.java:26)
	at org.flowable.engine.impl.bpmn.behavior.ServiceTaskDelegateExpressionActivityBehavior.execute(ServiceTaskDelegateExpressionActivityBehavior.java:177)
	at org.flowable.engine.impl.agenda.ContinueProcessOperation.executeActivityBehavior(ContinueProcessOperation.java:298)
	at org.flowable.engine.impl.agenda.ContinueProcessOperation.executeSynchronous(ContinueProcessOperation.java:175)
	at org.flowable.engine.impl.agenda.ContinueProcessOperation.continueThroughFlowNode(ContinueProcessOperation.java:125)
	at org.flowable.engine.impl.agenda.ContinueProcessOperation.run(ContinueProcessOperation.java:88)
	at org.flowable.common.engine.impl.AbstractEngineConfiguration.lambda$new$0(AbstractEngineConfiguration.java:198)
	at org.flowable.engine.impl.interceptor.CommandInvoker.executeOperation(CommandInvoker.java:189)
	at org.flowable.engine.impl.interceptor.CommandInvoker.executeOperations(CommandInvoker.java:128)
	at org.flowable.engine.impl.interceptor.CommandInvoker.execute(CommandInvoker.java:80)
	at org.flowable.engine.impl.interceptor.BpmnOverrideContextInterceptor.execute(BpmnOverrideContextInterceptor.java:26)
	at org.flowable.common.engine.impl.interceptor.TransactionContextInterceptor.execute(TransactionContextInterceptor.java:53)
	at org.flowable.common.engine.impl.interceptor.CommandContextInterceptor.execute(CommandContextInterceptor.java:105)
	at org.flowable.common.spring.SpringTransactionInterceptor.lambda$execute$0(SpringTransactionInterceptor.java:57)
	at org.springframework.transaction.support.TransactionTemplate.execute(TransactionTemplate.java:140)
	at org.flowable.common.spring.SpringTransactionInterceptor.execute(SpringTransactionInterceptor.java:57)
	at org.flowable.common.engine.impl.interceptor.LogInterceptor.execute(LogInterceptor.java:30)
	at org.flowable.common.engine.impl.cfg.CommandExecutorImpl.execute(CommandExecutorImpl.java:56)
	at org.flowable.common.engine.impl.cfg.CommandExecutorImpl.execute(CommandExecutorImpl.java:51)
	at org.flowable.job.service.impl.asyncexecutor.ExecuteAsyncRunnable.handleTransactionalJob(ExecuteAsyncRunnable.java:177)
	at org.flowable.job.service.impl.asyncexecutor.ExecuteAsyncRunnable.executeJob(ExecuteAsyncRunnable.java:146)
	at org.flowable.job.service.impl.asyncexecutor.ExecuteAsyncRunnable.runInternally(ExecuteAsyncRunnable.java:122)
	at org.flowable.job.service.impl.asyncexecutor.ExecuteAsyncRunnable.run(ExecuteAsyncRunnable.java:96)
	at java.base/java.util.concurrent.ThreadPoolExecutor.runWorker(ThreadPoolExecutor.java:1090)
	at java.base/java.util.concurrent.ThreadPoolExecutor$Worker.run(ThreadPoolExecutor.java:614)
	at java.base/java.lang.Thread.run(Thread.java:1474)
Caused by: org.cloudfoundry.multiapps.common.SLException: Error creating service "employee1-db" from offering "hana" and plan "hdi-shared": Service broker error: Service broker hana-broker failed with: Can not create service instance 'employee1-db': There is no database available. Ensure that you have a database available in space 'dev' within organization '203430a5trial_203430a5trial'.
	at org.cloudfoundry.multiapps.controller.process.steps.PollServiceCreateOrUpdateOperationsExecution.handleFailedState(PollServiceCreateOrUpdateOperationsExecution.java:96)
	at org.cloudfoundry.multiapps.controller.process.steps.PollServiceCreateOrUpdateOperationsExecution.reportServiceState(PollServiceCreateOrUpdateOperationsExecution.java:78)
	at org.cloudfoundry.multiapps.controller.process.steps.PollServiceOperationsExecution.reportDetailedServicesStates(PollServiceOperationsExecution.java:124)
	at org.cloudfoundry.multiapps.controller.process.steps.PollServiceOperationsExecution.execute(PollServiceOperationsExecution.java:59)
	at org.cloudfoundry.multiapps.controller.process.steps.AsyncFlowableStep.executeStepExecution(AsyncFlowableStep.java:25)
	... 33 more
#2026 06 01 09:04:20.105#Z#DEBUG#c6a01c79-5d98-11f1-b148-eeee0a9387a4.OPERATION#flowable-async-job-executor-thread-10369#
Step "Create" finished#
